Autotest: Begin at 2021年 05月 11日 星期二 16:28:43 CST
Begin build at 2021年 05月 11日 星期二 16:28:45 CST
Cleanning the project.................

for d in mm user boot drivers init lib ;	\
		do					\
			make --directory=$d clean; \
		done; \
	rm -rf *.o *~ gxemul/vmlinux
make[1]: Entering directory `/usr/src/workdir/mm'
rm -rf *~ *.o
make[1]: Leaving directory `/usr/src/workdir/mm'
make[1]: Entering directory `/usr/src/workdir/user'
rm -rf *~ *.o *.b.c *.x *.b
make[1]: Leaving directory `/usr/src/workdir/user'
make[1]: Entering directory `/usr/src/workdir/boot'
rm -rf *~ *.o
make[1]: Leaving directory `/usr/src/workdir/boot'
make[1]: Entering directory `/usr/src/workdir/drivers'
for d in gxconsole; \
		do				\
			make --directory=$d clean; \
		done
make[2]: Entering directory `/usr/src/workdir/drivers/gxconsole'
rm -rf *.o *~
make[2]: Leaving directory `/usr/src/workdir/drivers/gxconsole'
make[1]: Leaving directory `/usr/src/workdir/drivers'
make[1]: Entering directory `/usr/src/workdir/init'
rm -rf *~ *.o
make[1]: Leaving directory `/usr/src/workdir/init'
make[1]: Entering directory `/usr/src/workdir/lib'
rm -rf *~ *.o
make[1]: Leaving directory `/usr/src/workdir/lib'

Building the project..................

make --directory=mm
make[1]: Entering directory `/usr/src/workdir/mm'
/OSLAB/compiler/usr/bin/mips_4KC-gcc -O -G 0 -mno-abicalls -fno-builtin -Wa,-xgot -Wall -fPIC -march=r3000 -I./ -I../ -I../include/ -c pmap.c
In file included from ../include/pmap.h:5,
                 from pmap.c:2:
../include/queue.h:118:59: warning: backslash and newline separated by space
../include/queue.h:155:55: warning: backslash and newline separated by space
In file included from ../include/env.h:7,
                 from pmap.c:4:
../include/queue.h:118:59: warning: backslash and newline separated by space
../include/queue.h:155:55: warning: backslash and newline separated by space
pmap.c: In function 'page_alloc':
pmap.c:246: warning: passing argument 1 of 'bzero' makes pointer from integer without a cast
pmap.c:237: warning: unused variable 'ppage_temp'
/OSLAB/compiler/usr/bin/mips_4KC-gcc -O -G 0 -mno-abicalls -fno-builtin -Wa,-xgot -Wall -fPIC -march=r3000 -I./ -I../ -I../include/ -c tlb_asm.S
make[1]: Leaving directory `/usr/src/workdir/mm'
make --directory=user
make[1]: Entering directory `/usr/src/workdir/user'
echo as entry.S
as entry.S
/OSLAB/compiler/usr/bin/mips_4KC-gcc -O -G 0 -mno-abicalls -fno-builtin -Wa,-xgot -Wall -fPIC -march=r3000 -I../include/ -c -o entry.o entry.S
entry.S: Assembler messages:
entry.S:104: Warning: Used $at without ".set noat"
echo as syscall_wrap.S
as syscall_wrap.S
/OSLAB/compiler/usr/bin/mips_4KC-gcc -O -G 0 -mno-abicalls -fno-builtin -Wa,-xgot -Wall -fPIC -march=r3000 -I../include/ -c -o syscall_wrap.o syscall_wrap.S
echo user1 cc ppa.c
user1 cc ppa.c
/OSLAB/compiler/usr/bin/mips_4KC-gcc -O -G 0 -mno-abicalls -fno-builtin -Wa,-xgot -Wall -fPIC -march=r3000 -I../include/ -c -o ppa.o ppa.c
In file included from ../include/pmap.h:5,
                 from lib.h:4,
                 from ppa.c:1:
../include/queue.h:118:59: warning: backslash and newline separated by space
../include/queue.h:155:55: warning: backslash and newline separated by space
In file included from ../include/env.h:7,
                 from lib.h:7,
                 from ppa.c:1:
../include/queue.h:118:59: warning: backslash and newline separated by space
../include/queue.h:155:55: warning: backslash and newline separated by space
echo user1 cc printf.c
user1 cc printf.c
/OSLAB/compiler/usr/bin/mips_4KC-gcc -O -G 0 -mno-abicalls -fno-builtin -Wa,-xgot -Wall -fPIC -march=r3000 -I../include/ -c -o printf.o printf.c
In file included from ../include/pmap.h:5,
                 from lib.h:4,
                 from printf.c:3:
../include/queue.h:118:59: warning: backslash and newline separated by space
../include/queue.h:155:55: warning: backslash and newline separated by space
In file included from ../include/env.h:7,
                 from lib.h:7,
                 from printf.c:3:
../include/queue.h:118:59: warning: backslash and newline separated by space
../include/queue.h:155:55: warning: backslash and newline separated by space
echo user1 cc print.c
user1 cc print.c
/OSLAB/compiler/usr/bin/mips_4KC-gcc -O -G 0 -mno-abicalls -fno-builtin -Wa,-xgot -Wall -fPIC -march=r3000 -I../include/ -c -o print.o print.c
echo user1 cc libos.c
user1 cc libos.c
/OSLAB/compiler/usr/bin/mips_4KC-gcc -O -G 0 -mno-abicalls -fno-builtin -Wa,-xgot -Wall -fPIC -march=r3000 -I../include/ -c -o libos.o libos.c
In file included from ../include/pmap.h:5,
                 from lib.h:4,
                 from libos.c:1:
../include/queue.h:118:59: warning: backslash and newline separated by space
../include/queue.h:155:55: warning: backslash and newline separated by space
In file included from ../include/env.h:7,
                 from lib.h:7,
                 from libos.c:1:
../include/queue.h:118:59: warning: backslash and newline separated by space
../include/queue.h:155:55: warning: backslash and newline separated by space
echo user1 cc fork.c
user1 cc fork.c
/OSLAB/compiler/usr/bin/mips_4KC-gcc -O -G 0 -mno-abicalls -fno-builtin -Wa,-xgot -Wall -fPIC -march=r3000 -I../include/ -c -o fork.o fork.c
In file included from ../include/pmap.h:5,
                 from lib.h:4,
                 from fork.c:3:
../include/queue.h:118:59: warning: backslash and newline separated by space
../include/queue.h:155:55: warning: backslash and newline separated by space
In file included from ../include/env.h:7,
                 from lib.h:7,
                 from fork.c:3:
../include/queue.h:118:59: warning: backslash and newline separated by space
../include/queue.h:155:55: warning: backslash and newline separated by space
fork.c: In function 'pgfault':
fork.c:94: warning: assignment makes pointer from integer without a cast
fork.c:95: warning: passing argument 2 of 'syscall_mem_alloc' makes integer from pointer without a cast
fork.c:100: warning: passing argument 1 of 'user_bcopy' makes pointer from integer without a cast
fork.c:103: warning: passing argument 2 of 'syscall_mem_map' makes integer from pointer without a cast
fork.c:108: warning: passing argument 2 of 'syscall_mem_unmap' makes integer from pointer without a cast
echo user1 cc pgfault.c
user1 cc pgfault.c
/OSLAB/compiler/usr/bin/mips_4KC-gcc -O -G 0 -mno-abicalls -fno-builtin -Wa,-xgot -Wall -fPIC -march=r3000 -I../include/ -c -o pgfault.o pgfault.c
In file included from ../include/pmap.h:5,
                 from lib.h:4,
                 from pgfault.c:4:
../include/queue.h:118:59: warning: backslash and newline separated by space
../include/queue.h:155:55: warning: backslash and newline separated by space
In file included from ../include/env.h:7,
                 from lib.h:7,
                 from pgfault.c:4:
../include/queue.h:118:59: warning: backslash and newline separated by space
../include/queue.h:155:55: warning: backslash and newline separated by space
echo user1 cc syscall_lib.c
user1 cc syscall_lib.c
/OSLAB/compiler/usr/bin/mips_4KC-gcc -O -G 0 -mno-abicalls -fno-builtin -Wa,-xgot -Wall -fPIC -march=r3000 -I../include/ -c -o syscall_lib.o syscall_lib.c
In file included from ../include/pmap.h:5,
                 from lib.h:4,
                 from syscall_lib.c:1:
../include/queue.h:118:59: warning: backslash and newline separated by space
../include/queue.h:155:55: warning: backslash and newline separated by space
In file included from ../include/env.h:7,
                 from lib.h:7,
                 from syscall_lib.c:1:
../include/queue.h:118:59: warning: backslash and newline separated by space
../include/queue.h:155:55: warning: backslash and newline separated by space
echo user1 cc ipc.c
user1 cc ipc.c
/OSLAB/compiler/usr/bin/mips_4KC-gcc -O -G 0 -mno-abicalls -fno-builtin -Wa,-xgot -Wall -fPIC -march=r3000 -I../include/ -c -o ipc.o ipc.c
In file included from ../include/pmap.h:5,
                 from lib.h:4,
                 from ipc.c:3:
../include/queue.h:118:59: warning: backslash and newline separated by space
../include/queue.h:155:55: warning: backslash and newline separated by space
In file included from ../include/env.h:7,
                 from lib.h:7,
                 from ipc.c:3:
../include/queue.h:118:59: warning: backslash and newline separated by space
../include/queue.h:155:55: warning: backslash and newline separated by space
ipc.c: In function 'ipc_recv':
ipc.c:52: warning: passing argument 2 of 'syscall_ipc_recv' makes integer from pointer without a cast
ipc.c:61: warning: passing argument 1 of 'ipc_send' makes integer from pointer without a cast
echo user1 cc string.c
user1 cc string.c
/OSLAB/compiler/usr/bin/mips_4KC-gcc -O -G 0 -mno-abicalls -fno-builtin -Wa,-xgot -Wall -fPIC -march=r3000 -I../include/ -c -o string.o string.c
In file included from ../include/pmap.h:5,
                 from lib.h:4,
                 from string.c:3:
../include/queue.h:118:59: warning: backslash and newline separated by space
../include/queue.h:155:55: warning: backslash and newline separated by space
In file included from ../include/env.h:7,
                 from lib.h:7,
                 from string.c:3:
../include/queue.h:118:59: warning: backslash and newline separated by space
../include/queue.h:155:55: warning: backslash and newline separated by space
echo user1 cc fd.c
user1 cc fd.c
/OSLAB/compiler/usr/bin/mips_4KC-gcc -O -G 0 -mno-abicalls -fno-builtin -Wa,-xgot -Wall -fPIC -march=r3000 -I../include/ -c -o fd.o fd.c
In file included from ../include/pmap.h:5,
                 from lib.h:4,
                 from fd.c:1:
../include/queue.h:118:59: warning: backslash and newline separated by space
../include/queue.h:155:55: warning: backslash and newline separated by space
In file included from ../include/env.h:7,
                 from lib.h:7,
                 from fd.c:1:
../include/queue.h:118:59: warning: backslash and newline separated by space
../include/queue.h:155:55: warning: backslash and newline separated by space
echo user1 cc pageref.c
user1 cc pageref.c
/OSLAB/compiler/usr/bin/mips_4KC-gcc -O -G 0 -mno-abicalls -fno-builtin -Wa,-xgot -Wall -fPIC -march=r3000 -I../include/ -c -o pageref.o pageref.c
In file included from ../include/pmap.h:5,
                 from lib.h:4,
                 from pageref.c:1:
../include/queue.h:118:59: warning: backslash and newline separated by space
../include/queue.h:155:55: warning: backslash and newline separated by space
In file included from ../include/env.h:7,
                 from lib.h:7,
                 from pageref.c:1:
../include/queue.h:118:59: warning: backslash and newline separated by space
../include/queue.h:155:55: warning: backslash and newline separated by space
echo user1 cc file.c
user1 cc file.c
/OSLAB/compiler/usr/bin/mips_4KC-gcc -O -G 0 -mno-abicalls -fno-builtin -Wa,-xgot -Wall -fPIC -march=r3000 -I../include/ -c -o file.o file.c
In file included from ../include/pmap.h:5,
                 from lib.h:4,
                 from file.c:1:
../include/queue.h:118:59: warning: backslash and newline separated by space
../include/queue.h:155:55: warning: backslash and newline separated by space
In file included from ../include/env.h:7,
                 from lib.h:7,
                 from file.c:1:
../include/queue.h:118:59: warning: backslash and newline separated by space
../include/queue.h:155:55: warning: backslash and newline separated by space
echo user1 cc pipe.c
user1 cc pipe.c
/OSLAB/compiler/usr/bin/mips_4KC-gcc -O -G 0 -mno-abicalls -fno-builtin -Wa,-xgot -Wall -fPIC -march=r3000 -I../include/ -c -o pipe.o pipe.c
In file included from ../include/pmap.h:5,
                 from lib.h:4,
                 from pipe.c:1:
../include/queue.h:118:59: warning: backslash and newline separated by space
../include/queue.h:155:55: warning: backslash and newline separated by space
In file included from ../include/env.h:7,
                 from lib.h:7,
                 from pipe.c:1:
../include/queue.h:118:59: warning: backslash and newline separated by space
../include/queue.h:155:55: warning: backslash and newline separated by space
pipe.c: In function '_pipeisclosed':
pipe.c:94: warning: unused variable 'runs'
pipe.c:94: warning: unused variable 'pfp'
pipe.c:94: warning: unused variable 'pfd'
pipe.c:99: warning: control reaches end of non-void function
pipe.c: In function 'piperead':
pipe.c:134: warning: unused variable 'rbuf'
pipe.c:133: warning: unused variable 'p'
pipe.c:141: warning: 'i' is used uninitialized in this function
pipe.c: In function 'pipewrite':
pipe.c:160: warning: unused variable 'wbuf'
pipe.c:159: warning: unused variable 'p'
pipe.c:158: warning: unused variable 'i'
echo user1 cc fsipc.c
user1 cc fsipc.c
/OSLAB/compiler/usr/bin/mips_4KC-gcc -O -G 0 -mno-abicalls -fno-builtin -Wa,-xgot -Wall -fPIC -march=r3000 -I../include/ -c -o fsipc.o fsipc.c
In file included from ../include/pmap.h:5,
                 from lib.h:4,
                 from fsipc.c:1:
../include/queue.h:118:59: warning: backslash and newline separated by space
../include/queue.h:155:55: warning: backslash and newline separated by space
In file included from ../include/env.h:7,
                 from lib.h:7,
                 from fsipc.c:1:
../include/queue.h:118:59: warning: backslash and newline separated by space
../include/queue.h:155:55: warning: backslash and newline separated by space
fsipc.c: In function 'fsipc':
fsipc.c:22: error: too few arguments to function 'ipc_send'
make[1]: *** [fsipc.o] Error 1
rm ppa.o
make[1]: Leaving directory `/usr/src/workdir/user'
make: *** [user] Error 2
Compile Error!

End build at 2021年 05月 11日 星期二 16:29:39 CST
[33m[01m[ You got 0 (of 100) this time. 2021年 05月 11日 星期二 16:29:39 CST ][0m
