Autotest: Begin at 2021年 05月 17日 星期一 09:59:18 CST
Begin build at 2021年 05月 17日 星期一 09:59:20 CST
Cleanning the project.................

for d in boot drivers init lib mm user;	\
		do					\
			make --directory=$d clean; \
		done; \
	rm -rf *.o *~ gxemul/vmlinux
make[1]: Entering directory `/usr/src/workdir/boot'
rm -rf *~ *.o
make[1]: Leaving directory `/usr/src/workdir/boot'
make[1]: Entering directory `/usr/src/workdir/drivers'
for d in gxconsole; \
		do				\
			make --directory=$d clean; \
		done
make[2]: Entering directory `/usr/src/workdir/drivers/gxconsole'
rm -rf *.o *~
make[2]: Leaving directory `/usr/src/workdir/drivers/gxconsole'
make[1]: Leaving directory `/usr/src/workdir/drivers'
make[1]: Entering directory `/usr/src/workdir/init'
rm -rf *~ *.o
make[1]: Leaving directory `/usr/src/workdir/init'
make[1]: Entering directory `/usr/src/workdir/lib'
rm -rf *~ *.o
make[1]: Leaving directory `/usr/src/workdir/lib'
make[1]: Entering directory `/usr/src/workdir/mm'
rm -rf *~ *.o
make[1]: Leaving directory `/usr/src/workdir/mm'
make[1]: Entering directory `/usr/src/workdir/user'
rm -rf *~ *.o *.b.c *.x *.b
make[1]: Leaving directory `/usr/src/workdir/user'

Building the project..................

make --directory=boot
make[1]: Entering directory `/usr/src/workdir/boot'
/OSLAB/compiler/usr/bin/mips_4KC-gcc -O -G 0 -mno-abicalls -fno-builtin -Wa,-xgot -Wall -fPIC -march=r3000 -I../include/ -c start.S 
make[1]: Leaving directory `/usr/src/workdir/boot'
make --directory=drivers
make[1]: Entering directory `/usr/src/workdir/drivers'
make --directory=gxconsole
make[2]: Entering directory `/usr/src/workdir/drivers/gxconsole'
/OSLAB/compiler/usr/bin/mips_4KC-gcc -O -G 0 -mno-abicalls -fno-builtin -Wa,-xgot -Wall -fPIC -march=r3000   -c -o console.o console.c
make[2]: Leaving directory `/usr/src/workdir/drivers/gxconsole'
make[1]: Leaving directory `/usr/src/workdir/drivers'
make --directory=init
make[1]: Entering directory `/usr/src/workdir/init'
/OSLAB/compiler/usr/bin/mips_4KC-gcc -O -G 0 -mno-abicalls -fno-builtin -Wa,-xgot -Wall -fPIC -march=r3000 -I../include -c init.c
In file included from ../include/pmap.h:5,
                 from init.c:2:
../include/queue.h:118:59: warning: backslash and newline separated by space
../include/queue.h:155:55: warning: backslash and newline separated by space
In file included from ../include/env.h:7,
                 from init.c:3:
../include/queue.h:118:59: warning: backslash and newline separated by space
../include/queue.h:155:55: warning: backslash and newline separated by space
/OSLAB/compiler/usr/bin/mips_4KC-gcc -O -G 0 -mno-abicalls -fno-builtin -Wa,-xgot -Wall -fPIC -march=r3000 -I../include -c main.c
In file included from ../include/pmap.h:5,
                 from main.c:13:
../include/queue.h:118:59: warning: backslash and newline separated by space
../include/queue.h:155:55: warning: backslash and newline separated by space
/OSLAB/compiler/usr/bin/mips_4KC-gcc -O -G 0 -mno-abicalls -fno-builtin -Wa,-xgot -Wall -fPIC -march=r3000 -I../include -c code.c
make[1]: Leaving directory `/usr/src/workdir/init'
make --directory=lib
make[1]: Entering directory `/usr/src/workdir/lib'
/OSLAB/compiler/usr/bin/mips_4KC-gcc -O -G 0 -mno-abicalls -fno-builtin -Wa,-xgot -Wall -fPIC -march=r3000 -I./ -I../ -I../include/ -c env.c
In file included from ../include/env.h:7,
                 from env.c:6:
../include/queue.h:118:59: warning: backslash and newline separated by space
../include/queue.h:155:55: warning: backslash and newline separated by space
In file included from ../include/pmap.h:5,
                 from env.c:9:
../include/queue.h:118:59: warning: backslash and newline separated by space
../include/queue.h:155:55: warning: backslash and newline separated by space
env.c: In function 'env_alloc':
env.c:197: warning: unused variable 'r'
/OSLAB/compiler/usr/bin/mips_4KC-gcc -O -G 0 -mno-abicalls -fno-builtin -Wa,-xgot -Wall -fPIC -march=r3000 -I./ -I../ -I../include/ -c print.c
/OSLAB/compiler/usr/bin/mips_4KC-gcc -O -G 0 -mno-abicalls -fno-builtin -Wa,-xgot -Wall -fPIC -march=r3000 -I./ -I../ -I../include/ -c printf.c
/OSLAB/compiler/usr/bin/mips_4KC-gcc -O -G 0 -mno-abicalls -fno-builtin -Wa,-xgot -Wall -fPIC -march=r3000 -I./ -I../ -I../include/ -c sched.c
In file included from ../include/env.h:7,
                 from sched.c:1:
../include/queue.h:118:59: warning: backslash and newline separated by space
../include/queue.h:155:55: warning: backslash and newline separated by space
In file included from ../include/pmap.h:5,
                 from sched.c:2:
../include/queue.h:118:59: warning: backslash and newline separated by space
../include/queue.h:155:55: warning: backslash and newline separated by space
/OSLAB/compiler/usr/bin/mips_4KC-gcc -O -G 0 -mno-abicalls -fno-builtin -Wa,-xgot -Wall -fPIC -march=r3000 -I./ -I../ -I../include/ -c env_asm.S
env_asm.S: Assembler messages:
env_asm.S:62: Warning: Used $at without ".set noat"
/OSLAB/compiler/usr/bin/mips_4KC-gcc -O -G 0 -mno-abicalls -fno-builtin -Wa,-xgot -Wall -fPIC -march=r3000 -I./ -I../ -I../include/ -c kclock.c
/OSLAB/compiler/usr/bin/mips_4KC-gcc -O -G 0 -mno-abicalls -fno-builtin -Wa,-xgot -Wall -fPIC -march=r3000 -I./ -I../ -I../include/ -c traps.c
In file included from ../include/env.h:7,
                 from traps.c:2:
../include/queue.h:118:59: warning: backslash and newline separated by space
../include/queue.h:155:55: warning: backslash and newline separated by space
/OSLAB/compiler/usr/bin/mips_4KC-gcc -O -G 0 -mno-abicalls -fno-builtin -Wa,-xgot -Wall -fPIC -march=r3000 -I./ -I../ -I../include/ -c genex.S
/OSLAB/compiler/usr/bin/mips_4KC-gcc -O -G 0 -mno-abicalls -fno-builtin -Wa,-xgot -Wall -fPIC -march=r3000 -I./ -I../ -I../include/ -c kclock_asm.S
/OSLAB/compiler/usr/bin/mips_4KC-gcc -O -G 0 -mno-abicalls -fno-builtin -Wa,-xgot -Wall -fPIC -march=r3000 -I./ -I../ -I../include/ -c syscall.S
syscall.S: Assembler messages:
syscall.S:9: Warning: Used $at without ".set noat"
/OSLAB/compiler/usr/bin/mips_4KC-gcc -O -G 0 -mno-abicalls -fno-builtin -Wa,-xgot -Wall -fPIC -march=r3000 -I./ -I../ -I../include/ -c syscall_all.c
In file included from ../include/env.h:7,
                 from syscall_all.c:3:
../include/queue.h:118:59: warning: backslash and newline separated by space
../include/queue.h:155:55: warning: backslash and newline separated by space
In file included from ../include/pmap.h:5,
                 from syscall_all.c:5:
../include/queue.h:118:59: warning: backslash and newline separated by space
../include/queue.h:155:55: warning: backslash and newline separated by space
syscall_all.c: In function 'sys_ipc_can_send':
syscall_all.c:415: warning: unused variable 'p'
/OSLAB/compiler/usr/bin/mips_4KC-gcc -O -G 0 -mno-abicalls -fno-builtin -Wa,-xgot -Wall -fPIC -march=r3000 -I./ -I../ -I../include/ -c getc.S
/OSLAB/compiler/usr/bin/mips_4KC-gcc -O -G 0 -mno-abicalls -fno-builtin -Wa,-xgot -Wall -fPIC -march=r3000 -I./ -I../ -I../include/ -c kernel_elfloader.c
In file included from ../include/pmap.h:5,
                 from kernel_elfloader.c:9:
../include/queue.h:118:59: warning: backslash and newline separated by space
../include/queue.h:155:55: warning: backslash and newline separated by space
make[1]: Leaving directory `/usr/src/workdir/lib'
make --directory=mm
make[1]: Entering directory `/usr/src/workdir/mm'
/OSLAB/compiler/usr/bin/mips_4KC-gcc -O -G 0 -mno-abicalls -fno-builtin -Wa,-xgot -Wall -fPIC -march=r3000 -I./ -I../ -I../include/ -c pmap.c
In file included from ../include/pmap.h:5,
                 from pmap.c:2:
../include/queue.h:118:59: warning: backslash and newline separated by space
../include/queue.h:155:55: warning: backslash and newline separated by space
In file included from ../include/env.h:7,
                 from pmap.c:4:
../include/queue.h:118:59: warning: backslash and newline separated by space
../include/queue.h:155:55: warning: backslash and newline separated by space
pmap.c: In function 'page_alloc':
pmap.c:246: warning: passing argument 1 of 'bzero' makes pointer from integer without a cast
pmap.c:237: warning: unused variable 'ppage_temp'
/OSLAB/compiler/usr/bin/mips_4KC-gcc -O -G 0 -mno-abicalls -fno-builtin -Wa,-xgot -Wall -fPIC -march=r3000 -I./ -I../ -I../include/ -c tlb_asm.S
make[1]: Leaving directory `/usr/src/workdir/mm'
make --directory=user
make[1]: Entering directory `/usr/src/workdir/user'
echo as entry.S
as entry.S
/OSLAB/compiler/usr/bin/mips_4KC-gcc -O -G 0 -mno-abicalls -fno-builtin -Wa,-xgot -Wall -fPIC -march=r3000 -I../include/ -c -o entry.o entry.S
entry.S: Assembler messages:
entry.S:104: Warning: Used $at without ".set noat"
echo as syscall_wrap.S
as syscall_wrap.S
/OSLAB/compiler/usr/bin/mips_4KC-gcc -O -G 0 -mno-abicalls -fno-builtin -Wa,-xgot -Wall -fPIC -march=r3000 -I../include/ -c -o syscall_wrap.o syscall_wrap.S
echo user1 cc mytest.c
user1 cc mytest.c
/OSLAB/compiler/usr/bin/mips_4KC-gcc -O -G 0 -mno-abicalls -fno-builtin -Wa,-xgot -Wall -fPIC -march=r3000 -I../include/ -c -o mytest.o mytest.c
In file included from ../include/pmap.h:5,
                 from lib.h:4,
                 from mytest.c:1:
../include/queue.h:118:59: warning: backslash and newline separated by space
../include/queue.h:155:55: warning: backslash and newline separated by space
In file included from ../include/env.h:7,
                 from lib.h:7,
                 from mytest.c:1:
../include/queue.h:118:59: warning: backslash and newline separated by space
../include/queue.h:155:55: warning: backslash and newline separated by space
echo user1 cc printf.c
user1 cc printf.c
/OSLAB/compiler/usr/bin/mips_4KC-gcc -O -G 0 -mno-abicalls -fno-builtin -Wa,-xgot -Wall -fPIC -march=r3000 -I../include/ -c -o printf.o printf.c
In file included from ../include/pmap.h:5,
                 from lib.h:4,
                 from printf.c:3:
../include/queue.h:118:59: warning: backslash and newline separated by space
../include/queue.h:155:55: warning: backslash and newline separated by space
In file included from ../include/env.h:7,
                 from lib.h:7,
                 from printf.c:3:
../include/queue.h:118:59: warning: backslash and newline separated by space
../include/queue.h:155:55: warning: backslash and newline separated by space
echo user1 cc print.c
user1 cc print.c
/OSLAB/compiler/usr/bin/mips_4KC-gcc -O -G 0 -mno-abicalls -fno-builtin -Wa,-xgot -Wall -fPIC -march=r3000 -I../include/ -c -o print.o print.c
echo user1 cc libos.c
user1 cc libos.c
/OSLAB/compiler/usr/bin/mips_4KC-gcc -O -G 0 -mno-abicalls -fno-builtin -Wa,-xgot -Wall -fPIC -march=r3000 -I../include/ -c -o libos.o libos.c
In file included from ../include/pmap.h:5,
                 from lib.h:4,
                 from libos.c:1:
../include/queue.h:118:59: warning: backslash and newline separated by space
../include/queue.h:155:55: warning: backslash and newline separated by space
In file included from ../include/env.h:7,
                 from lib.h:7,
                 from libos.c:1:
../include/queue.h:118:59: warning: backslash and newline separated by space
../include/queue.h:155:55: warning: backslash and newline separated by space
echo user1 cc fork.c
user1 cc fork.c
/OSLAB/compiler/usr/bin/mips_4KC-gcc -O -G 0 -mno-abicalls -fno-builtin -Wa,-xgot -Wall -fPIC -march=r3000 -I../include/ -c -o fork.o fork.c
In file included from ../include/pmap.h:5,
                 from lib.h:4,
                 from fork.c:3:
../include/queue.h:118:59: warning: backslash and newline separated by space
../include/queue.h:155:55: warning: backslash and newline separated by space
In file included from ../include/env.h:7,
                 from lib.h:7,
                 from fork.c:3:
../include/queue.h:118:59: warning: backslash and newline separated by space
../include/queue.h:155:55: warning: backslash and newline separated by space
fork.c: In function 'pgfault':
fork.c:94: warning: assignment makes pointer from integer without a cast
fork.c:95: warning: passing argument 2 of 'syscall_mem_alloc' makes integer from pointer without a cast
fork.c:100: warning: passing argument 1 of 'user_bcopy' makes pointer from integer without a cast
fork.c:103: warning: passing argument 2 of 'syscall_mem_map' makes integer from pointer without a cast
fork.c:108: warning: passing argument 2 of 'syscall_mem_unmap' makes integer from pointer without a cast
fork.c: In function 'fork':
fork.c:206: error: parse error before '.' token
make[1]: *** [fork.o] Error 1
rm mytest.o
make[1]: Leaving directory `/usr/src/workdir/user'
make: *** [user] Error 2
Compile Error!

End build at 2021年 05月 17日 星期一 09:59:22 CST
[31m[01m[ There is something wrong with your vmlinx. ][0m
[33m[01m[ You got 0 (of 100) this time. 2021年 05月 17日 星期一 09:59:22 CST ][0m
