Autotest: Begin at 2021年 05月 19日 星期三 20:15:56 CST
[47;33m >>>>>>>>> Beginning test part1 >>>>>>>>> [0m


Begin build at 2021年 05月 19日 星期三 20:15:58 CST
Cleanning the project.................

for d in boot drivers init lib mm user fs;	\
		do					\
			make --directory=$d clean; \
		done; \
	rm -rf *.o *~ gxemul/vmlinux
make[1]: Entering directory `/usr/src/workdir/boot'
rm -rf *~ *.o
make[1]: Leaving directory `/usr/src/workdir/boot'
make[1]: Entering directory `/usr/src/workdir/drivers'
for d in gxconsole; \
		do				\
			make --directory=$d clean; \
		done
make[2]: Entering directory `/usr/src/workdir/drivers/gxconsole'
rm -rf *.o *~
make[2]: Leaving directory `/usr/src/workdir/drivers/gxconsole'
make[1]: Leaving directory `/usr/src/workdir/drivers'
make[1]: Entering directory `/usr/src/workdir/init'
rm -rf *~ *.o
make[1]: Leaving directory `/usr/src/workdir/init'
make[1]: Entering directory `/usr/src/workdir/lib'
rm -rf *~ *.o
make[1]: Leaving directory `/usr/src/workdir/lib'
make[1]: Entering directory `/usr/src/workdir/mm'
rm -rf *~ *.o
make[1]: Leaving directory `/usr/src/workdir/mm'
make[1]: Entering directory `/usr/src/workdir/user'
rm -rf *~ *.o *.b.c *.x *.b
make[1]: Leaving directory `/usr/src/workdir/user'
make[1]: Entering directory `/usr/src/workdir/fs'
rm -rf *~ *.o *.b.c *.b *.x
make[1]: Leaving directory `/usr/src/workdir/fs'

Building the project..................

make --directory=boot
make[1]: Entering directory `/usr/src/workdir/boot'
/OSLAB/compiler/usr/bin/mips_4KC-gcc -O -G 0 -mno-abicalls -fno-builtin -Wa,-xgot -Wall -fPIC -march=r3000 -I../include/ -c start.S 
make[1]: Leaving directory `/usr/src/workdir/boot'
make --directory=drivers
make[1]: Entering directory `/usr/src/workdir/drivers'
make --directory=gxconsole
make[2]: Entering directory `/usr/src/workdir/drivers/gxconsole'
/OSLAB/compiler/usr/bin/mips_4KC-gcc -O -G 0 -mno-abicalls -fno-builtin -Wa,-xgot -Wall -fPIC -march=r3000   -c -o console.o console.c
make[2]: Leaving directory `/usr/src/workdir/drivers/gxconsole'
make[1]: Leaving directory `/usr/src/workdir/drivers'
make --directory=init
make[1]: Entering directory `/usr/src/workdir/init'
/OSLAB/compiler/usr/bin/mips_4KC-gcc -O -G 0 -mno-abicalls -fno-builtin -Wa,-xgot -Wall -fPIC -march=r3000 -I../include -c init.c
In file included from ../include/pmap.h:5,
                 from init.c:2:
../include/queue.h:118:59: warning: backslash and newline separated by space
../include/queue.h:155:55: warning: backslash and newline separated by space
In file included from ../include/env.h:7,
                 from init.c:3:
../include/queue.h:118:59: warning: backslash and newline separated by space
../include/queue.h:155:55: warning: backslash and newline separated by space
/OSLAB/compiler/usr/bin/mips_4KC-gcc -O -G 0 -mno-abicalls -fno-builtin -Wa,-xgot -Wall -fPIC -march=r3000 -I../include -c main.c
In file included from ../include/pmap.h:5,
                 from main.c:13:
../include/queue.h:118:59: warning: backslash and newline separated by space
../include/queue.h:155:55: warning: backslash and newline separated by space
/OSLAB/compiler/usr/bin/mips_4KC-gcc -O -G 0 -mno-abicalls -fno-builtin -Wa,-xgot -Wall -fPIC -march=r3000 -I../include -c code.c
make[1]: Leaving directory `/usr/src/workdir/init'
make --directory=lib
make[1]: Entering directory `/usr/src/workdir/lib'
/OSLAB/compiler/usr/bin/mips_4KC-gcc -O -G 0 -mno-abicalls -fno-builtin -Wa,-xgot -Wall -fPIC -march=r3000 -I./ -I../ -I../include/ -c env.c
In file included from ../include/env.h:7,
                 from env.c:6:
../include/queue.h:118:59: warning: backslash and newline separated by space
../include/queue.h:155:55: warning: backslash and newline separated by space
In file included from ../include/pmap.h:5,
                 from env.c:9:
../include/queue.h:118:59: warning: backslash and newline separated by space
../include/queue.h:155:55: warning: backslash and newline separated by space
env.c: In function 'env_alloc':
env.c:197: warning: unused variable 'r'
/OSLAB/compiler/usr/bin/mips_4KC-gcc -O -G 0 -mno-abicalls -fno-builtin -Wa,-xgot -Wall -fPIC -march=r3000 -I./ -I../ -I../include/ -c print.c
/OSLAB/compiler/usr/bin/mips_4KC-gcc -O -G 0 -mno-abicalls -fno-builtin -Wa,-xgot -Wall -fPIC -march=r3000 -I./ -I../ -I../include/ -c printf.c
/OSLAB/compiler/usr/bin/mips_4KC-gcc -O -G 0 -mno-abicalls -fno-builtin -Wa,-xgot -Wall -fPIC -march=r3000 -I./ -I../ -I../include/ -c sched.c
In file included from ../include/env.h:7,
                 from sched.c:1:
../include/queue.h:118:59: warning: backslash and newline separated by space
../include/queue.h:155:55: warning: backslash and newline separated by space
In file included from ../include/pmap.h:5,
                 from sched.c:2:
../include/queue.h:118:59: warning: backslash and newline separated by space
../include/queue.h:155:55: warning: backslash and newline separated by space
/OSLAB/compiler/usr/bin/mips_4KC-gcc -O -G 0 -mno-abicalls -fno-builtin -Wa,-xgot -Wall -fPIC -march=r3000 -I./ -I../ -I../include/ -c env_asm.S
env_asm.S: Assembler messages:
env_asm.S:62: Warning: Used $at without ".set noat"
/OSLAB/compiler/usr/bin/mips_4KC-gcc -O -G 0 -mno-abicalls -fno-builtin -Wa,-xgot -Wall -fPIC -march=r3000 -I./ -I../ -I../include/ -c kclock.c
/OSLAB/compiler/usr/bin/mips_4KC-gcc -O -G 0 -mno-abicalls -fno-builtin -Wa,-xgot -Wall -fPIC -march=r3000 -I./ -I../ -I../include/ -c traps.c
In file included from ../include/env.h:7,
                 from traps.c:2:
../include/queue.h:118:59: warning: backslash and newline separated by space
../include/queue.h:155:55: warning: backslash and newline separated by space
/OSLAB/compiler/usr/bin/mips_4KC-gcc -O -G 0 -mno-abicalls -fno-builtin -Wa,-xgot -Wall -fPIC -march=r3000 -I./ -I../ -I../include/ -c genex.S
/OSLAB/compiler/usr/bin/mips_4KC-gcc -O -G 0 -mno-abicalls -fno-builtin -Wa,-xgot -Wall -fPIC -march=r3000 -I./ -I../ -I../include/ -c kclock_asm.S
/OSLAB/compiler/usr/bin/mips_4KC-gcc -O -G 0 -mno-abicalls -fno-builtin -Wa,-xgot -Wall -fPIC -march=r3000 -I./ -I../ -I../include/ -c syscall.S
syscall.S: Assembler messages:
syscall.S:9: Warning: Used $at without ".set noat"
/OSLAB/compiler/usr/bin/mips_4KC-gcc -O -G 0 -mno-abicalls -fno-builtin -Wa,-xgot -Wall -fPIC -march=r3000 -I./ -I../ -I../include/ -c syscall_all.c
In file included from ../include/env.h:7,
                 from syscall_all.c:3:
../include/queue.h:118:59: warning: backslash and newline separated by space
../include/queue.h:155:55: warning: backslash and newline separated by space
In file included from ../include/pmap.h:5,
                 from syscall_all.c:5:
../include/queue.h:118:59: warning: backslash and newline separated by space
../include/queue.h:155:55: warning: backslash and newline separated by space
syscall_all.c: In function 'sys_ipc_can_send':
syscall_all.c:415: warning: unused variable 'p'
/OSLAB/compiler/usr/bin/mips_4KC-gcc -O -G 0 -mno-abicalls -fno-builtin -Wa,-xgot -Wall -fPIC -march=r3000 -I./ -I../ -I../include/ -c getc.S
/OSLAB/compiler/usr/bin/mips_4KC-gcc -O -G 0 -mno-abicalls -fno-builtin -Wa,-xgot -Wall -fPIC -march=r3000 -I./ -I../ -I../include/ -c kernel_elfloader.c
In file included from ../include/pmap.h:5,
                 from kernel_elfloader.c:9:
../include/queue.h:118:59: warning: backslash and newline separated by space
../include/queue.h:155:55: warning: backslash and newline separated by space
make[1]: Leaving directory `/usr/src/workdir/lib'
make --directory=mm
make[1]: Entering directory `/usr/src/workdir/mm'
/OSLAB/compiler/usr/bin/mips_4KC-gcc -O -G 0 -mno-abicalls -fno-builtin -Wa,-xgot -Wall -fPIC -march=r3000 -I./ -I../ -I../include/ -c pmap.c
In file included from ../include/pmap.h:5,
                 from pmap.c:2:
../include/queue.h:118:59: warning: backslash and newline separated by space
../include/queue.h:155:55: warning: backslash and newline separated by space
In file included from ../include/env.h:7,
                 from pmap.c:4:
../include/queue.h:118:59: warning: backslash and newline separated by space
../include/queue.h:155:55: warning: backslash and newline separated by space
pmap.c: In function 'page_alloc':
pmap.c:246: warning: passing argument 1 of 'bzero' makes pointer from integer without a cast
pmap.c:237: warning: unused variable 'ppage_temp'
/OSLAB/compiler/usr/bin/mips_4KC-gcc -O -G 0 -mno-abicalls -fno-builtin -Wa,-xgot -Wall -fPIC -march=r3000 -I./ -I../ -I../include/ -c tlb_asm.S
make[1]: Leaving directory `/usr/src/workdir/mm'
make --directory=user
make[1]: Entering directory `/usr/src/workdir/user'
echo as entry.S
as entry.S
/OSLAB/compiler/usr/bin/mips_4KC-gcc -O -G 0 -mno-abicalls -fno-builtin -Wa,-xgot -Wall -fPIC -march=r3000 -I../include/ -c -o entry.o entry.S
entry.S: Assembler messages:
entry.S:104: Warning: Used $at without ".set noat"
echo as syscall_wrap.S
as syscall_wrap.S
/OSLAB/compiler/usr/bin/mips_4KC-gcc -O -G 0 -mno-abicalls -fno-builtin -Wa,-xgot -Wall -fPIC -march=r3000 -I../include/ -c -o syscall_wrap.o syscall_wrap.S
echo user1 cc devtst.c
user1 cc devtst.c
/OSLAB/compiler/usr/bin/mips_4KC-gcc -O -G 0 -mno-abicalls -fno-builtin -Wa,-xgot -Wall -fPIC -march=r3000 -I../include/ -c -o devtst.o devtst.c
In file included from ../include/pmap.h:5,
                 from lib.h:4,
                 from devtst.c:1:
../include/queue.h:118:59: warning: backslash and newline separated by space
../include/queue.h:155:55: warning: backslash and newline separated by space
In file included from ../include/env.h:7,
                 from lib.h:7,
                 from devtst.c:1:
../include/queue.h:118:59: warning: backslash and newline separated by space
../include/queue.h:155:55: warning: backslash and newline separated by space
devtst.c: In function 'umain':
devtst.c:11: warning: implicit declaration of function 'syscall_read_dev'
devtst.c:22: warning: implicit declaration of function 'syscall_write_dev'
echo user1 cc printf.c
user1 cc printf.c
/OSLAB/compiler/usr/bin/mips_4KC-gcc -O -G 0 -mno-abicalls -fno-builtin -Wa,-xgot -Wall -fPIC -march=r3000 -I../include/ -c -o printf.o printf.c
In file included from ../include/pmap.h:5,
                 from lib.h:4,
                 from printf.c:3:
../include/queue.h:118:59: warning: backslash and newline separated by space
../include/queue.h:155:55: warning: backslash and newline separated by space
In file included from ../include/env.h:7,
                 from lib.h:7,
                 from printf.c:3:
../include/queue.h:118:59: warning: backslash and newline separated by space
../include/queue.h:155:55: warning: backslash and newline separated by space
echo user1 cc print.c
user1 cc print.c
/OSLAB/compiler/usr/bin/mips_4KC-gcc -O -G 0 -mno-abicalls -fno-builtin -Wa,-xgot -Wall -fPIC -march=r3000 -I../include/ -c -o print.o print.c
echo user1 cc libos.c
user1 cc libos.c
/OSLAB/compiler/usr/bin/mips_4KC-gcc -O -G 0 -mno-abicalls -fno-builtin -Wa,-xgot -Wall -fPIC -march=r3000 -I../include/ -c -o libos.o libos.c
In file included from ../include/pmap.h:5,
                 from lib.h:4,
                 from libos.c:1:
../include/queue.h:118:59: warning: backslash and newline separated by space
../include/queue.h:155:55: warning: backslash and newline separated by space
In file included from ../include/env.h:7,
                 from lib.h:7,
                 from libos.c:1:
../include/queue.h:118:59: warning: backslash and newline separated by space
../include/queue.h:155:55: warning: backslash and newline separated by space
echo user1 cc fork.c
user1 cc fork.c
/OSLAB/compiler/usr/bin/mips_4KC-gcc -O -G 0 -mno-abicalls -fno-builtin -Wa,-xgot -Wall -fPIC -march=r3000 -I../include/ -c -o fork.o fork.c
In file included from ../include/pmap.h:5,
                 from lib.h:4,
                 from fork.c:3:
../include/queue.h:118:59: warning: backslash and newline separated by space
../include/queue.h:155:55: warning: backslash and newline separated by space
In file included from ../include/env.h:7,
                 from lib.h:7,
                 from fork.c:3:
../include/queue.h:118:59: warning: backslash and newline separated by space
../include/queue.h:155:55: warning: backslash and newline separated by space
fork.c: In function 'pgfault':
fork.c:94: warning: assignment makes pointer from integer without a cast
fork.c:95: warning: passing argument 2 of 'syscall_mem_alloc' makes integer from pointer without a cast
fork.c:100: warning: passing argument 1 of 'user_bcopy' makes pointer from integer without a cast
fork.c:103: warning: passing argument 2 of 'syscall_mem_map' makes integer from pointer without a cast
fork.c:108: warning: passing argument 2 of 'syscall_mem_unmap' makes integer from pointer without a cast
echo user1 cc pgfault.c
user1 cc pgfault.c
/OSLAB/compiler/usr/bin/mips_4KC-gcc -O -G 0 -mno-abicalls -fno-builtin -Wa,-xgot -Wall -fPIC -march=r3000 -I../include/ -c -o pgfault.o pgfault.c
In file included from ../include/pmap.h:5,
                 from lib.h:4,
                 from pgfault.c:4:
../include/queue.h:118:59: warning: backslash and newline separated by space
../include/queue.h:155:55: warning: backslash and newline separated by space
In file included from ../include/env.h:7,
                 from lib.h:7,
                 from pgfault.c:4:
../include/queue.h:118:59: warning: backslash and newline separated by space
../include/queue.h:155:55: warning: backslash and newline separated by space
echo user1 cc syscall_lib.c
user1 cc syscall_lib.c
/OSLAB/compiler/usr/bin/mips_4KC-gcc -O -G 0 -mno-abicalls -fno-builtin -Wa,-xgot -Wall -fPIC -march=r3000 -I../include/ -c -o syscall_lib.o syscall_lib.c
In file included from ../include/pmap.h:5,
                 from lib.h:4,
                 from syscall_lib.c:1:
../include/queue.h:118:59: warning: backslash and newline separated by space
../include/queue.h:155:55: warning: backslash and newline separated by space
In file included from ../include/env.h:7,
                 from lib.h:7,
                 from syscall_lib.c:1:
../include/queue.h:118:59: warning: backslash and newline separated by space
../include/queue.h:155:55: warning: backslash and newline separated by space
echo user1 cc ipc.c
user1 cc ipc.c
/OSLAB/compiler/usr/bin/mips_4KC-gcc -O -G 0 -mno-abicalls -fno-builtin -Wa,-xgot -Wall -fPIC -march=r3000 -I../include/ -c -o ipc.o ipc.c
In file included from ../include/pmap.h:5,
                 from lib.h:4,
                 from ipc.c:3:
../include/queue.h:118:59: warning: backslash and newline separated by space
../include/queue.h:155:55: warning: backslash and newline separated by space
In file included from ../include/env.h:7,
                 from lib.h:7,
                 from ipc.c:3:
../include/queue.h:118:59: warning: backslash and newline separated by space
../include/queue.h:155:55: warning: backslash and newline separated by space
echo user1 cc string.c
user1 cc string.c
/OSLAB/compiler/usr/bin/mips_4KC-gcc -O -G 0 -mno-abicalls -fno-builtin -Wa,-xgot -Wall -fPIC -march=r3000 -I../include/ -c -o string.o string.c
In file included from ../include/pmap.h:5,
                 from lib.h:4,
                 from string.c:3:
../include/queue.h:118:59: warning: backslash and newline separated by space
../include/queue.h:155:55: warning: backslash and newline separated by space
In file included from ../include/env.h:7,
                 from lib.h:7,
                 from string.c:3:
../include/queue.h:118:59: warning: backslash and newline separated by space
../include/queue.h:155:55: warning: backslash and newline separated by space
echo user1 cc fd.c
user1 cc fd.c
/OSLAB/compiler/usr/bin/mips_4KC-gcc -O -G 0 -mno-abicalls -fno-builtin -Wa,-xgot -Wall -fPIC -march=r3000 -I../include/ -c -o fd.o fd.c
In file included from ../include/pmap.h:5,
                 from lib.h:4,
                 from fd.c:1:
../include/queue.h:118:59: warning: backslash and newline separated by space
../include/queue.h:155:55: warning: backslash and newline separated by space
In file included from ../include/env.h:7,
                 from lib.h:7,
                 from fd.c:1:
../include/queue.h:118:59: warning: backslash and newline separated by space
../include/queue.h:155:55: warning: backslash and newline separated by space
fd.c: In function 'read':
fd.c:190: warning: unused variable 'fd'
fd.c:189: warning: unused variable 'dev'
fd.c:201: warning: 'r' is used uninitialized in this function
echo user1 cc pageref.c
user1 cc pageref.c
/OSLAB/compiler/usr/bin/mips_4KC-gcc -O -G 0 -mno-abicalls -fno-builtin -Wa,-xgot -Wall -fPIC -march=r3000 -I../include/ -c -o pageref.o pageref.c
In file included from ../include/pmap.h:5,
                 from lib.h:4,
                 from pageref.c:1:
../include/queue.h:118:59: warning: backslash and newline separated by space
../include/queue.h:155:55: warning: backslash and newline separated by space
In file included from ../include/env.h:7,
                 from lib.h:7,
                 from pageref.c:1:
../include/queue.h:118:59: warning: backslash and newline separated by space
../include/queue.h:155:55: warning: backslash and newline separated by space
echo user1 cc file.c
user1 cc file.c
/OSLAB/compiler/usr/bin/mips_4KC-gcc -O -G 0 -mno-abicalls -fno-builtin -Wa,-xgot -Wall -fPIC -march=r3000 -I../include/ -c -o file.o file.c
In file included from ../include/pmap.h:5,
                 from lib.h:4,
                 from file.c:1:
../include/queue.h:118:59: warning: backslash and newline separated by space
../include/queue.h:155:55: warning: backslash and newline separated by space
In file included from ../include/env.h:7,
                 from lib.h:7,
                 from file.c:1:
../include/queue.h:118:59: warning: backslash and newline separated by space
../include/queue.h:155:55: warning: backslash and newline separated by space
file.c: In function 'open':
file.c:38: warning: unused variable 'i'
file.c:37: warning: unused variable 'va'
file.c:36: warning: unused variable 'r'
file.c:35: warning: unused variable 'fileid'
file.c:35: warning: unused variable 'size'
file.c:34: warning: unused variable 'ffd'
file.c:33: warning: unused variable 'fd'
file.c:58: warning: control reaches end of non-void function
file.c: In function 'remove':
file.c:260: warning: control reaches end of non-void function
echo user1 cc pipe.c
user1 cc pipe.c
/OSLAB/compiler/usr/bin/mips_4KC-gcc -O -G 0 -mno-abicalls -fno-builtin -Wa,-xgot -Wall -fPIC -march=r3000 -I../include/ -c -o pipe.o pipe.c
In file included from ../include/pmap.h:5,
                 from lib.h:4,
                 from pipe.c:1:
../include/queue.h:118:59: warning: backslash and newline separated by space
../include/queue.h:155:55: warning: backslash and newline separated by space
In file included from ../include/env.h:7,
                 from lib.h:7,
                 from pipe.c:1:
../include/queue.h:118:59: warning: backslash and newline separated by space
../include/queue.h:155:55: warning: backslash and newline separated by space
pipe.c: In function '_pipeisclosed':
pipe.c:94: warning: unused variable 'runs'
pipe.c:94: warning: unused variable 'pfp'
pipe.c:94: warning: unused variable 'pfd'
pipe.c:99: warning: control reaches end of non-void function
pipe.c: In function 'piperead':
pipe.c:134: warning: unused variable 'rbuf'
pipe.c:133: warning: unused variable 'p'
pipe.c:141: warning: 'i' is used uninitialized in this function
pipe.c: In function 'pipewrite':
pipe.c:160: warning: unused variable 'wbuf'
pipe.c:159: warning: unused variable 'p'
pipe.c:158: warning: unused variable 'i'
echo user1 cc fsipc.c
user1 cc fsipc.c
/OSLAB/compiler/usr/bin/mips_4KC-gcc -O -G 0 -mno-abicalls -fno-builtin -Wa,-xgot -Wall -fPIC -march=r3000 -I../include/ -c -o fsipc.o fsipc.c
In file included from ../include/pmap.h:5,
                 from lib.h:4,
                 from fsipc.c:1:
../include/queue.h:118:59: warning: backslash and newline separated by space
../include/queue.h:155:55: warning: backslash and newline separated by space
In file included from ../include/env.h:7,
                 from lib.h:7,
                 from fsipc.c:1:
../include/queue.h:118:59: warning: backslash and newline separated by space
../include/queue.h:155:55: warning: backslash and newline separated by space
fsipc.c: In function 'fsipc_remove':
fsipc.c:137: warning: control reaches end of non-void function
echo user1 cc console.c
user1 cc console.c
/OSLAB/compiler/usr/bin/mips_4KC-gcc -O -G 0 -mno-abicalls -fno-builtin -Wa,-xgot -Wall -fPIC -march=r3000 -I../include/ -c -o console.o console.c
In file included from ../include/pmap.h:5,
                 from lib.h:4,
                 from console.c:1:
../include/queue.h:118:59: warning: backslash and newline separated by space
../include/queue.h:155:55: warning: backslash and newline separated by space
In file included from ../include/env.h:7,
                 from lib.h:7,
                 from console.c:1:
../include/queue.h:118:59: warning: backslash and newline separated by space
../include/queue.h:155:55: warning: backslash and newline separated by space
echo user1 cc fprintf.c
user1 cc fprintf.c
/OSLAB/compiler/usr/bin/mips_4KC-gcc -O -G 0 -mno-abicalls -fno-builtin -Wa,-xgot -Wall -fPIC -march=r3000 -I../include/ -c -o fprintf.o fprintf.c
In file included from ../include/pmap.h:5,
                 from lib.h:4,
                 from fprintf.c:1:
../include/queue.h:118:59: warning: backslash and newline separated by space
../include/queue.h:155:55: warning: backslash and newline separated by space
In file included from ../include/env.h:7,
                 from lib.h:7,
                 from fprintf.c:1:
../include/queue.h:118:59: warning: backslash and newline separated by space
../include/queue.h:155:55: warning: backslash and newline separated by space
echo ld devtst.b
ld devtst.b
/OSLAB/compiler/usr/bin/mips_4KC-ld -o devtst.b  -G 0 -static -n -nostdlib -T ./user.lds entry.o syscall_wrap.o devtst.o printf.o print.o libos.o fork.o pgfault.o syscall_lib.o ipc.o string.o fd.o pageref.o file.o pipe.o fsipc.o console.o fprintf.o
echo create devtst.b.c
create devtst.b.c
echo bintoc devtst devtst.b > devtst.b.c~
chmod +x ./bintoc
./bintoc devtst devtst.b > devtst.b.c~ && mv -f devtst.b.c~ devtst.b.c
echo cc1 devtst.b.c
cc1 devtst.b.c
/OSLAB/compiler/usr/bin/mips_4KC-gcc -O -G 0 -mno-abicalls -fno-builtin -Wa,-xgot -Wall -fPIC -march=r3000 -c -o devtst.x devtst.b.c
echo user1 cc fktest.c
user1 cc fktest.c
/OSLAB/compiler/usr/bin/mips_4KC-gcc -O -G 0 -mno-abicalls -fno-builtin -Wa,-xgot -Wall -fPIC -march=r3000 -I../include/ -c -o fktest.o fktest.c
In file included from ../include/pmap.h:5,
                 from lib.h:4,
                 from fktest.c:1:
../include/queue.h:118:59: warning: backslash and newline separated by space
../include/queue.h:155:55: warning: backslash and newline separated by space
In file included from ../include/env.h:7,
                 from lib.h:7,
                 from fktest.c:1:
../include/queue.h:118:59: warning: backslash and newline separated by space
../include/queue.h:155:55: warning: backslash and newline separated by space
echo ld fktest.b
ld fktest.b
/OSLAB/compiler/usr/bin/mips_4KC-ld -o fktest.b  -G 0 -static -n -nostdlib -T ./user.lds entry.o syscall_wrap.o fktest.o printf.o print.o libos.o fork.o pgfault.o syscall_lib.o ipc.o string.o fd.o pageref.o file.o pipe.o fsipc.o console.o fprintf.o
echo create fktest.b.c
create fktest.b.c
echo bintoc fktest fktest.b > fktest.b.c~
chmod +x ./bintoc
./bintoc fktest fktest.b > fktest.b.c~ && mv -f fktest.b.c~ fktest.b.c
echo cc1 fktest.b.c
cc1 fktest.b.c
/OSLAB/compiler/usr/bin/mips_4KC-gcc -O -G 0 -mno-abicalls -fno-builtin -Wa,-xgot -Wall -fPIC -march=r3000 -c -o fktest.x fktest.b.c
echo user1 cc pingpong.c
user1 cc pingpong.c
/OSLAB/compiler/usr/bin/mips_4KC-gcc -O -G 0 -mno-abicalls -fno-builtin -Wa,-xgot -Wall -fPIC -march=r3000 -I../include/ -c -o pingpong.o pingpong.c
In file included from ../include/pmap.h:5,
                 from lib.h:4,
                 from pingpong.c:4:
../include/queue.h:118:59: warning: backslash and newline separated by space
../include/queue.h:155:55: warning: backslash and newline separated by space
In file included from ../include/env.h:7,
                 from lib.h:7,
                 from pingpong.c:4:
../include/queue.h:118:59: warning: backslash and newline separated by space
../include/queue.h:155:55: warning: backslash and newline separated by space
echo ld pingpong.b
ld pingpong.b
/OSLAB/compiler/usr/bin/mips_4KC-ld -o pingpong.b  -G 0 -static -n -nostdlib -T ./user.lds entry.o syscall_wrap.o pingpong.o printf.o print.o libos.o fork.o pgfault.o syscall_lib.o ipc.o string.o fd.o pageref.o file.o pipe.o fsipc.o console.o fprintf.o
echo create pingpong.b.c
create pingpong.b.c
echo bintoc pingpong pingpong.b > pingpong.b.c~
chmod +x ./bintoc
./bintoc pingpong pingpong.b > pingpong.b.c~ && mv -f pingpong.b.c~ pingpong.b.c
echo cc1 pingpong.b.c
cc1 pingpong.b.c
/OSLAB/compiler/usr/bin/mips_4KC-gcc -O -G 0 -mno-abicalls -fno-builtin -Wa,-xgot -Wall -fPIC -march=r3000 -c -o pingpong.x pingpong.b.c
echo user1 cc idle.c
user1 cc idle.c
/OSLAB/compiler/usr/bin/mips_4KC-gcc -O -G 0 -mno-abicalls -fno-builtin -Wa,-xgot -Wall -fPIC -march=r3000 -I../include/ -c -o idle.o idle.c
In file included from ../include/pmap.h:5,
                 from lib.h:4,
                 from idle.c:1:
../include/queue.h:118:59: warning: backslash and newline separated by space
../include/queue.h:155:55: warning: backslash and newline separated by space
In file included from ../include/env.h:7,
                 from lib.h:7,
                 from idle.c:1:
../include/queue.h:118:59: warning: backslash and newline separated by space
../include/queue.h:155:55: warning: backslash and newline separated by space
echo ld idle.b
ld idle.b
/OSLAB/compiler/usr/bin/mips_4KC-ld -o idle.b  -G 0 -static -n -nostdlib -T ./user.lds entry.o syscall_wrap.o idle.o printf.o print.o libos.o fork.o pgfault.o syscall_lib.o ipc.o string.o fd.o pageref.o file.o pipe.o fsipc.o console.o fprintf.o
echo create idle.b.c
create idle.b.c
echo bintoc idle idle.b > idle.b.c~
chmod +x ./bintoc
./bintoc idle idle.b > idle.b.c~ && mv -f idle.b.c~ idle.b.c
echo cc1 idle.b.c
cc1 idle.b.c
/OSLAB/compiler/usr/bin/mips_4KC-gcc -O -G 0 -mno-abicalls -fno-builtin -Wa,-xgot -Wall -fPIC -march=r3000 -c -o idle.x idle.b.c
rm devtst.o idle.o pingpong.b.c idle.b fktest.b.c devtst.b.c idle.b.c pingpong.o fktest.o
make[1]: Leaving directory `/usr/src/workdir/user'
make --directory=fs
make[1]: Entering directory `/usr/src/workdir/fs'
echo user1 cc serv.c
user1 cc serv.c
/OSLAB/compiler/usr/bin/mips_4KC-gcc -O -G 0 -mno-abicalls -fno-builtin -Wa,-xgot -Wall -fPIC -march=r3000 -I../include/ -I../user/ -c -o serv.o serv.c
In file included from ../include/pmap.h:5,
                 from ../user/lib.h:4,
                 from fs.h:1,
                 from serv.c:6:
../include/queue.h:118:59: warning: backslash and newline separated by space
../include/queue.h:155:55: warning: backslash and newline separated by space
In file included from ../include/env.h:7,
                 from ../user/lib.h:7,
                 from fs.h:1,
                 from serv.c:6:
../include/queue.h:118:59: warning: backslash and newline separated by space
../include/queue.h:155:55: warning: backslash and newline separated by space
serv.c: In function 'serve_remove':
serv.c:206: warning: unused variable 'path'
serv.c:205: warning: unused variable 'r'
echo user1 cc fs.c
user1 cc fs.c
/OSLAB/compiler/usr/bin/mips_4KC-gcc -O -G 0 -mno-abicalls -fno-builtin -Wa,-xgot -Wall -fPIC -march=r3000 -I../include/ -I../user/ -c -o fs.o fs.c
In file included from ../include/pmap.h:5,
                 from ../user/lib.h:4,
                 from fs.h:1,
                 from fs.c:1:
../include/queue.h:118:59: warning: backslash and newline separated by space
../include/queue.h:155:55: warning: backslash and newline separated by space
In file included from ../include/env.h:7,
                 from ../user/lib.h:7,
                 from fs.h:1,
                 from fs.c:1:
../include/queue.h:118:59: warning: backslash and newline separated by space
../include/queue.h:155:55: warning: backslash and newline separated by space
fs.c: In function 'unmap_block':
fs.c:89: warning: 'return' with a value, in function returning void
fs.c:96: warning: implicit declaration of function 'write_block'
fs.c:85: warning: unused variable 'r'
fs.c: At top level:
fs.c:170: warning: conflicting types for 'write_block'
fs.c:96: warning: previous implicit declaration of 'write_block' was here
fs.c: In function 'dir_lookup':
fs.c:541: warning: unused variable 'f'
fs.c:540: warning: unused variable 'blk'
fs.c:539: warning: unused variable 'j'
fs.c:538: warning: unused variable 'r'
fs.c:545: warning: 'nblock' is used uninitialized in this function
echo user1 cc ide.c
user1 cc ide.c
/OSLAB/compiler/usr/bin/mips_4KC-gcc -O -G 0 -mno-abicalls -fno-builtin -Wa,-xgot -Wall -fPIC -march=r3000 -I../include/ -I../user/ -c -o ide.o ide.c
In file included from ../include/pmap.h:5,
                 from ../user/lib.h:4,
                 from fs.h:1,
                 from ide.c:5:
../include/queue.h:118:59: warning: backslash and newline separated by space
../include/queue.h:155:55: warning: backslash and newline separated by space
In file included from ../include/env.h:7,
                 from ../user/lib.h:7,
                 from fs.h:1,
                 from ide.c:5:
../include/queue.h:118:59: warning: backslash and newline separated by space
../include/queue.h:155:55: warning: backslash and newline separated by space
ide.c: In function 'ide_read':
ide.c:40: warning: implicit declaration of function 'syscall_write_dev'
ide.c:51: warning: implicit declaration of function 'syscall_read_dev'
echo user1 cc test.c
user1 cc test.c
/OSLAB/compiler/usr/bin/mips_4KC-gcc -O -G 0 -mno-abicalls -fno-builtin -Wa,-xgot -Wall -fPIC -march=r3000 -I../include/ -I../user/ -c -o test.o test.c
In file included from ../include/pmap.h:5,
                 from ../user/lib.h:4,
                 from fs.h:1,
                 from test.c:1:
../include/queue.h:118:59: warning: backslash and newline separated by space
../include/queue.h:155:55: warning: backslash and newline separated by space
In file included from ../include/env.h:7,
                 from ../user/lib.h:7,
                 from fs.h:1,
                 from test.c:1:
../include/queue.h:118:59: warning: backslash and newline separated by space
../include/queue.h:155:55: warning: backslash and newline separated by space
echo ld serv.b
ld serv.b
/OSLAB/compiler/usr/bin/mips_4KC-ld -o serv.b  -G 0 -static -n -nostdlib -T ../user/user.lds ../user/entry.o ../user/syscall_wrap.o serv.o ../user/printf.o ../user/print.o ../user/libos.o ../user/fork.o ../user/pgfault.o ../user/syscall_lib.o ../user/ipc.o ../user/string.o ../user/fd.o ../user/pageref.o ../user/file.o ../user/fsipc.o ../user/pipe.o ../user/console.o ../user/fprintf.o fs.o ide.o test.o
echo create serv.b.c
create serv.b.c
echo bintoc serv serv.b > serv.b.c~
chmod +x ./bintoc
./bintoc serv serv.b > serv.b.c~ && mv -f serv.b.c~ serv.b.c
echo cc1 serv.b.c
cc1 serv.b.c
/OSLAB/compiler/usr/bin/mips_4KC-gcc -I../include/ -I../user/ -O -G 0 -mno-abicalls -fno-builtin -Wa,-xgot -Wall -fPIC -march=r3000 -c -o serv.x serv.b.c
rm serv.o test.o serv.b.c ide.o fs.o
make[1]: Leaving directory `/usr/src/workdir/fs'
/OSLAB/compiler/usr/bin/mips_4KC-ld -o gxemul/vmlinux -N -T tools/scse0_3.lds boot/start.o init/main.o init/init.o init/code.o drivers/gxconsole/console.o lib/*.o user/*.x fs/*.x mm/*.o

End build at 2021年 05月 19日 星期三 20:16:01 CST
[35m[ PASSED:4 ][0m
[35m[ TOTAL:4 ][0m
[32m[ You passed part 1 of lab5 ][0m
[47;33m >>>>>>>>> Beginning test part2 >>>>>>>>> [0m


Begin build at 2021年 05月 19日 星期三 20:16:12 CST
Cleanning the project.................

for d in boot drivers init lib mm user fs;	\
		do					\
			make --directory=$d clean; \
		done; \
	rm -rf *.o *~ gxemul/vmlinux
make[1]: Entering directory `/usr/src/workdir/boot'
rm -rf *~ *.o
make[1]: Leaving directory `/usr/src/workdir/boot'
make[1]: Entering directory `/usr/src/workdir/drivers'
for d in gxconsole; \
		do				\
			make --directory=$d clean; \
		done
make[2]: Entering directory `/usr/src/workdir/drivers/gxconsole'
rm -rf *.o *~
make[2]: Leaving directory `/usr/src/workdir/drivers/gxconsole'
make[1]: Leaving directory `/usr/src/workdir/drivers'
make[1]: Entering directory `/usr/src/workdir/init'
rm -rf *~ *.o
make[1]: Leaving directory `/usr/src/workdir/init'
make[1]: Entering directory `/usr/src/workdir/lib'
rm -rf *~ *.o
make[1]: Leaving directory `/usr/src/workdir/lib'
make[1]: Entering directory `/usr/src/workdir/mm'
rm -rf *~ *.o
make[1]: Leaving directory `/usr/src/workdir/mm'
make[1]: Entering directory `/usr/src/workdir/user'
rm -rf *~ *.o *.b.c *.x *.b
make[1]: Leaving directory `/usr/src/workdir/user'
make[1]: Entering directory `/usr/src/workdir/fs'
rm -rf *~ *.o *.b.c *.b *.x
make[1]: Leaving directory `/usr/src/workdir/fs'

Building the project..................

make --directory=boot
make[1]: Entering directory `/usr/src/workdir/boot'
/OSLAB/compiler/usr/bin/mips_4KC-gcc -O -G 0 -mno-abicalls -fno-builtin -Wa,-xgot -Wall -fPIC -march=r3000 -I../include/ -c start.S 
make[1]: Leaving directory `/usr/src/workdir/boot'
make --directory=drivers
make[1]: Entering directory `/usr/src/workdir/drivers'
make --directory=gxconsole
make[2]: Entering directory `/usr/src/workdir/drivers/gxconsole'
/OSLAB/compiler/usr/bin/mips_4KC-gcc -O -G 0 -mno-abicalls -fno-builtin -Wa,-xgot -Wall -fPIC -march=r3000   -c -o console.o console.c
make[2]: Leaving directory `/usr/src/workdir/drivers/gxconsole'
make[1]: Leaving directory `/usr/src/workdir/drivers'
make --directory=init
make[1]: Entering directory `/usr/src/workdir/init'
/OSLAB/compiler/usr/bin/mips_4KC-gcc -O -G 0 -mno-abicalls -fno-builtin -Wa,-xgot -Wall -fPIC -march=r3000 -I../include -c init.c
In file included from ../include/pmap.h:5,
                 from init.c:2:
../include/queue.h:118:59: warning: backslash and newline separated by space
../include/queue.h:155:55: warning: backslash and newline separated by space
In file included from ../include/env.h:7,
                 from init.c:3:
../include/queue.h:118:59: warning: backslash and newline separated by space
../include/queue.h:155:55: warning: backslash and newline separated by space
/OSLAB/compiler/usr/bin/mips_4KC-gcc -O -G 0 -mno-abicalls -fno-builtin -Wa,-xgot -Wall -fPIC -march=r3000 -I../include -c main.c
In file included from ../include/pmap.h:5,
                 from main.c:13:
../include/queue.h:118:59: warning: backslash and newline separated by space
../include/queue.h:155:55: warning: backslash and newline separated by space
/OSLAB/compiler/usr/bin/mips_4KC-gcc -O -G 0 -mno-abicalls -fno-builtin -Wa,-xgot -Wall -fPIC -march=r3000 -I../include -c code.c
make[1]: Leaving directory `/usr/src/workdir/init'
make --directory=lib
make[1]: Entering directory `/usr/src/workdir/lib'
/OSLAB/compiler/usr/bin/mips_4KC-gcc -O -G 0 -mno-abicalls -fno-builtin -Wa,-xgot -Wall -fPIC -march=r3000 -I./ -I../ -I../include/ -c env.c
In file included from ../include/env.h:7,
                 from env.c:6:
../include/queue.h:118:59: warning: backslash and newline separated by space
../include/queue.h:155:55: warning: backslash and newline separated by space
In file included from ../include/pmap.h:5,
                 from env.c:9:
../include/queue.h:118:59: warning: backslash and newline separated by space
../include/queue.h:155:55: warning: backslash and newline separated by space
env.c: In function 'env_alloc':
env.c:197: warning: unused variable 'r'
/OSLAB/compiler/usr/bin/mips_4KC-gcc -O -G 0 -mno-abicalls -fno-builtin -Wa,-xgot -Wall -fPIC -march=r3000 -I./ -I../ -I../include/ -c print.c
/OSLAB/compiler/usr/bin/mips_4KC-gcc -O -G 0 -mno-abicalls -fno-builtin -Wa,-xgot -Wall -fPIC -march=r3000 -I./ -I../ -I../include/ -c printf.c
/OSLAB/compiler/usr/bin/mips_4KC-gcc -O -G 0 -mno-abicalls -fno-builtin -Wa,-xgot -Wall -fPIC -march=r3000 -I./ -I../ -I../include/ -c sched.c
In file included from ../include/env.h:7,
                 from sched.c:1:
../include/queue.h:118:59: warning: backslash and newline separated by space
../include/queue.h:155:55: warning: backslash and newline separated by space
In file included from ../include/pmap.h:5,
                 from sched.c:2:
../include/queue.h:118:59: warning: backslash and newline separated by space
../include/queue.h:155:55: warning: backslash and newline separated by space
/OSLAB/compiler/usr/bin/mips_4KC-gcc -O -G 0 -mno-abicalls -fno-builtin -Wa,-xgot -Wall -fPIC -march=r3000 -I./ -I../ -I../include/ -c env_asm.S
env_asm.S: Assembler messages:
env_asm.S:62: Warning: Used $at without ".set noat"
/OSLAB/compiler/usr/bin/mips_4KC-gcc -O -G 0 -mno-abicalls -fno-builtin -Wa,-xgot -Wall -fPIC -march=r3000 -I./ -I../ -I../include/ -c kclock.c
/OSLAB/compiler/usr/bin/mips_4KC-gcc -O -G 0 -mno-abicalls -fno-builtin -Wa,-xgot -Wall -fPIC -march=r3000 -I./ -I../ -I../include/ -c traps.c
In file included from ../include/env.h:7,
                 from traps.c:2:
../include/queue.h:118:59: warning: backslash and newline separated by space
../include/queue.h:155:55: warning: backslash and newline separated by space
/OSLAB/compiler/usr/bin/mips_4KC-gcc -O -G 0 -mno-abicalls -fno-builtin -Wa,-xgot -Wall -fPIC -march=r3000 -I./ -I../ -I../include/ -c genex.S
/OSLAB/compiler/usr/bin/mips_4KC-gcc -O -G 0 -mno-abicalls -fno-builtin -Wa,-xgot -Wall -fPIC -march=r3000 -I./ -I../ -I../include/ -c kclock_asm.S
/OSLAB/compiler/usr/bin/mips_4KC-gcc -O -G 0 -mno-abicalls -fno-builtin -Wa,-xgot -Wall -fPIC -march=r3000 -I./ -I../ -I../include/ -c syscall.S
syscall.S: Assembler messages:
syscall.S:9: Warning: Used $at without ".set noat"
/OSLAB/compiler/usr/bin/mips_4KC-gcc -O -G 0 -mno-abicalls -fno-builtin -Wa,-xgot -Wall -fPIC -march=r3000 -I./ -I../ -I../include/ -c syscall_all.c
In file included from ../include/env.h:7,
                 from syscall_all.c:3:
../include/queue.h:118:59: warning: backslash and newline separated by space
../include/queue.h:155:55: warning: backslash and newline separated by space
In file included from ../include/pmap.h:5,
                 from syscall_all.c:5:
../include/queue.h:118:59: warning: backslash and newline separated by space
../include/queue.h:155:55: warning: backslash and newline separated by space
syscall_all.c: In function 'sys_ipc_can_send':
syscall_all.c:415: warning: unused variable 'p'
/OSLAB/compiler/usr/bin/mips_4KC-gcc -O -G 0 -mno-abicalls -fno-builtin -Wa,-xgot -Wall -fPIC -march=r3000 -I./ -I../ -I../include/ -c getc.S
/OSLAB/compiler/usr/bin/mips_4KC-gcc -O -G 0 -mno-abicalls -fno-builtin -Wa,-xgot -Wall -fPIC -march=r3000 -I./ -I../ -I../include/ -c kernel_elfloader.c
In file included from ../include/pmap.h:5,
                 from kernel_elfloader.c:9:
../include/queue.h:118:59: warning: backslash and newline separated by space
../include/queue.h:155:55: warning: backslash and newline separated by space
make[1]: Leaving directory `/usr/src/workdir/lib'
make --directory=mm
make[1]: Entering directory `/usr/src/workdir/mm'
/OSLAB/compiler/usr/bin/mips_4KC-gcc -O -G 0 -mno-abicalls -fno-builtin -Wa,-xgot -Wall -fPIC -march=r3000 -I./ -I../ -I../include/ -c pmap.c
In file included from ../include/pmap.h:5,
                 from pmap.c:2:
../include/queue.h:118:59: warning: backslash and newline separated by space
../include/queue.h:155:55: warning: backslash and newline separated by space
In file included from ../include/env.h:7,
                 from pmap.c:4:
../include/queue.h:118:59: warning: backslash and newline separated by space
../include/queue.h:155:55: warning: backslash and newline separated by space
pmap.c: In function 'page_alloc':
pmap.c:246: warning: passing argument 1 of 'bzero' makes pointer from integer without a cast
pmap.c:237: warning: unused variable 'ppage_temp'
/OSLAB/compiler/usr/bin/mips_4KC-gcc -O -G 0 -mno-abicalls -fno-builtin -Wa,-xgot -Wall -fPIC -march=r3000 -I./ -I../ -I../include/ -c tlb_asm.S
make[1]: Leaving directory `/usr/src/workdir/mm'
make --directory=user
make[1]: Entering directory `/usr/src/workdir/user'
echo as entry.S
as entry.S
/OSLAB/compiler/usr/bin/mips_4KC-gcc -O -G 0 -mno-abicalls -fno-builtin -Wa,-xgot -Wall -fPIC -march=r3000 -I../include/ -c -o entry.o entry.S
entry.S: Assembler messages:
entry.S:104: Warning: Used $at without ".set noat"
echo as syscall_wrap.S
as syscall_wrap.S
/OSLAB/compiler/usr/bin/mips_4KC-gcc -O -G 0 -mno-abicalls -fno-builtin -Wa,-xgot -Wall -fPIC -march=r3000 -I../include/ -c -o syscall_wrap.o syscall_wrap.S
echo user1 cc fstest.c
user1 cc fstest.c
/OSLAB/compiler/usr/bin/mips_4KC-gcc -O -G 0 -mno-abicalls -fno-builtin -Wa,-xgot -Wall -fPIC -march=r3000 -I../include/ -c -o fstest.o fstest.c
In file included from ../include/pmap.h:5,
                 from lib.h:4,
                 from fstest.c:1:
../include/queue.h:118:59: warning: backslash and newline separated by space
../include/queue.h:155:55: warning: backslash and newline separated by space
In file included from ../include/env.h:7,
                 from lib.h:7,
                 from fstest.c:1:
../include/queue.h:118:59: warning: backslash and newline separated by space
../include/queue.h:155:55: warning: backslash and newline separated by space
echo user1 cc printf.c
user1 cc printf.c
/OSLAB/compiler/usr/bin/mips_4KC-gcc -O -G 0 -mno-abicalls -fno-builtin -Wa,-xgot -Wall -fPIC -march=r3000 -I../include/ -c -o printf.o printf.c
In file included from ../include/pmap.h:5,
                 from lib.h:4,
                 from printf.c:3:
../include/queue.h:118:59: warning: backslash and newline separated by space
../include/queue.h:155:55: warning: backslash and newline separated by space
In file included from ../include/env.h:7,
                 from lib.h:7,
                 from printf.c:3:
../include/queue.h:118:59: warning: backslash and newline separated by space
../include/queue.h:155:55: warning: backslash and newline separated by space
echo user1 cc print.c
user1 cc print.c
/OSLAB/compiler/usr/bin/mips_4KC-gcc -O -G 0 -mno-abicalls -fno-builtin -Wa,-xgot -Wall -fPIC -march=r3000 -I../include/ -c -o print.o print.c
echo user1 cc libos.c
user1 cc libos.c
/OSLAB/compiler/usr/bin/mips_4KC-gcc -O -G 0 -mno-abicalls -fno-builtin -Wa,-xgot -Wall -fPIC -march=r3000 -I../include/ -c -o libos.o libos.c
In file included from ../include/pmap.h:5,
                 from lib.h:4,
                 from libos.c:1:
../include/queue.h:118:59: warning: backslash and newline separated by space
../include/queue.h:155:55: warning: backslash and newline separated by space
In file included from ../include/env.h:7,
                 from lib.h:7,
                 from libos.c:1:
../include/queue.h:118:59: warning: backslash and newline separated by space
../include/queue.h:155:55: warning: backslash and newline separated by space
echo user1 cc fork.c
user1 cc fork.c
/OSLAB/compiler/usr/bin/mips_4KC-gcc -O -G 0 -mno-abicalls -fno-builtin -Wa,-xgot -Wall -fPIC -march=r3000 -I../include/ -c -o fork.o fork.c
In file included from ../include/pmap.h:5,
                 from lib.h:4,
                 from fork.c:3:
../include/queue.h:118:59: warning: backslash and newline separated by space
../include/queue.h:155:55: warning: backslash and newline separated by space
In file included from ../include/env.h:7,
                 from lib.h:7,
                 from fork.c:3:
../include/queue.h:118:59: warning: backslash and newline separated by space
../include/queue.h:155:55: warning: backslash and newline separated by space
fork.c: In function 'pgfault':
fork.c:94: warning: assignment makes pointer from integer without a cast
fork.c:95: warning: passing argument 2 of 'syscall_mem_alloc' makes integer from pointer without a cast
fork.c:100: warning: passing argument 1 of 'user_bcopy' makes pointer from integer without a cast
fork.c:103: warning: passing argument 2 of 'syscall_mem_map' makes integer from pointer without a cast
fork.c:108: warning: passing argument 2 of 'syscall_mem_unmap' makes integer from pointer without a cast
echo user1 cc pgfault.c
user1 cc pgfault.c
/OSLAB/compiler/usr/bin/mips_4KC-gcc -O -G 0 -mno-abicalls -fno-builtin -Wa,-xgot -Wall -fPIC -march=r3000 -I../include/ -c -o pgfault.o pgfault.c
In file included from ../include/pmap.h:5,
                 from lib.h:4,
                 from pgfault.c:4:
../include/queue.h:118:59: warning: backslash and newline separated by space
../include/queue.h:155:55: warning: backslash and newline separated by space
In file included from ../include/env.h:7,
                 from lib.h:7,
                 from pgfault.c:4:
../include/queue.h:118:59: warning: backslash and newline separated by space
../include/queue.h:155:55: warning: backslash and newline separated by space
echo user1 cc syscall_lib.c
user1 cc syscall_lib.c
/OSLAB/compiler/usr/bin/mips_4KC-gcc -O -G 0 -mno-abicalls -fno-builtin -Wa,-xgot -Wall -fPIC -march=r3000 -I../include/ -c -o syscall_lib.o syscall_lib.c
In file included from ../include/pmap.h:5,
                 from lib.h:4,
                 from syscall_lib.c:1:
../include/queue.h:118:59: warning: backslash and newline separated by space
../include/queue.h:155:55: warning: backslash and newline separated by space
In file included from ../include/env.h:7,
                 from lib.h:7,
                 from syscall_lib.c:1:
../include/queue.h:118:59: warning: backslash and newline separated by space
../include/queue.h:155:55: warning: backslash and newline separated by space
echo user1 cc ipc.c
user1 cc ipc.c
/OSLAB/compiler/usr/bin/mips_4KC-gcc -O -G 0 -mno-abicalls -fno-builtin -Wa,-xgot -Wall -fPIC -march=r3000 -I../include/ -c -o ipc.o ipc.c
In file included from ../include/pmap.h:5,
                 from lib.h:4,
                 from ipc.c:3:
../include/queue.h:118:59: warning: backslash and newline separated by space
../include/queue.h:155:55: warning: backslash and newline separated by space
In file included from ../include/env.h:7,
                 from lib.h:7,
                 from ipc.c:3:
../include/queue.h:118:59: warning: backslash and newline separated by space
../include/queue.h:155:55: warning: backslash and newline separated by space
echo user1 cc string.c
user1 cc string.c
/OSLAB/compiler/usr/bin/mips_4KC-gcc -O -G 0 -mno-abicalls -fno-builtin -Wa,-xgot -Wall -fPIC -march=r3000 -I../include/ -c -o string.o string.c
In file included from ../include/pmap.h:5,
                 from lib.h:4,
                 from string.c:3:
../include/queue.h:118:59: warning: backslash and newline separated by space
../include/queue.h:155:55: warning: backslash and newline separated by space
In file included from ../include/env.h:7,
                 from lib.h:7,
                 from string.c:3:
../include/queue.h:118:59: warning: backslash and newline separated by space
../include/queue.h:155:55: warning: backslash and newline separated by space
echo user1 cc fd.c
user1 cc fd.c
/OSLAB/compiler/usr/bin/mips_4KC-gcc -O -G 0 -mno-abicalls -fno-builtin -Wa,-xgot -Wall -fPIC -march=r3000 -I../include/ -c -o fd.o fd.c
In file included from ../include/pmap.h:5,
                 from lib.h:4,
                 from fd.c:1:
../include/queue.h:118:59: warning: backslash and newline separated by space
../include/queue.h:155:55: warning: backslash and newline separated by space
In file included from ../include/env.h:7,
                 from lib.h:7,
                 from fd.c:1:
../include/queue.h:118:59: warning: backslash and newline separated by space
../include/queue.h:155:55: warning: backslash and newline separated by space
fd.c: In function 'read':
fd.c:190: warning: unused variable 'fd'
fd.c:189: warning: unused variable 'dev'
fd.c:201: warning: 'r' is used uninitialized in this function
echo user1 cc pageref.c
user1 cc pageref.c
/OSLAB/compiler/usr/bin/mips_4KC-gcc -O -G 0 -mno-abicalls -fno-builtin -Wa,-xgot -Wall -fPIC -march=r3000 -I../include/ -c -o pageref.o pageref.c
In file included from ../include/pmap.h:5,
                 from lib.h:4,
                 from pageref.c:1:
../include/queue.h:118:59: warning: backslash and newline separated by space
../include/queue.h:155:55: warning: backslash and newline separated by space
In file included from ../include/env.h:7,
                 from lib.h:7,
                 from pageref.c:1:
../include/queue.h:118:59: warning: backslash and newline separated by space
../include/queue.h:155:55: warning: backslash and newline separated by space
echo user1 cc file.c
user1 cc file.c
/OSLAB/compiler/usr/bin/mips_4KC-gcc -O -G 0 -mno-abicalls -fno-builtin -Wa,-xgot -Wall -fPIC -march=r3000 -I../include/ -c -o file.o file.c
In file included from ../include/pmap.h:5,
                 from lib.h:4,
                 from file.c:1:
../include/queue.h:118:59: warning: backslash and newline separated by space
../include/queue.h:155:55: warning: backslash and newline separated by space
In file included from ../include/env.h:7,
                 from lib.h:7,
                 from file.c:1:
../include/queue.h:118:59: warning: backslash and newline separated by space
../include/queue.h:155:55: warning: backslash and newline separated by space
file.c: In function 'open':
file.c:38: warning: unused variable 'i'
file.c:37: warning: unused variable 'va'
file.c:36: warning: unused variable 'r'
file.c:35: warning: unused variable 'fileid'
file.c:35: warning: unused variable 'size'
file.c:34: warning: unused variable 'ffd'
file.c:33: warning: unused variable 'fd'
file.c:58: warning: control reaches end of non-void function
file.c: In function 'remove':
file.c:260: warning: control reaches end of non-void function
echo user1 cc pipe.c
user1 cc pipe.c
/OSLAB/compiler/usr/bin/mips_4KC-gcc -O -G 0 -mno-abicalls -fno-builtin -Wa,-xgot -Wall -fPIC -march=r3000 -I../include/ -c -o pipe.o pipe.c
In file included from ../include/pmap.h:5,
                 from lib.h:4,
                 from pipe.c:1:
../include/queue.h:118:59: warning: backslash and newline separated by space
../include/queue.h:155:55: warning: backslash and newline separated by space
In file included from ../include/env.h:7,
                 from lib.h:7,
                 from pipe.c:1:
../include/queue.h:118:59: warning: backslash and newline separated by space
../include/queue.h:155:55: warning: backslash and newline separated by space
pipe.c: In function '_pipeisclosed':
pipe.c:94: warning: unused variable 'runs'
pipe.c:94: warning: unused variable 'pfp'
pipe.c:94: warning: unused variable 'pfd'
pipe.c:99: warning: control reaches end of non-void function
pipe.c: In function 'piperead':
pipe.c:134: warning: unused variable 'rbuf'
pipe.c:133: warning: unused variable 'p'
pipe.c:141: warning: 'i' is used uninitialized in this function
pipe.c: In function 'pipewrite':
pipe.c:160: warning: unused variable 'wbuf'
pipe.c:159: warning: unused variable 'p'
pipe.c:158: warning: unused variable 'i'
echo user1 cc fsipc.c
user1 cc fsipc.c
/OSLAB/compiler/usr/bin/mips_4KC-gcc -O -G 0 -mno-abicalls -fno-builtin -Wa,-xgot -Wall -fPIC -march=r3000 -I../include/ -c -o fsipc.o fsipc.c
In file included from ../include/pmap.h:5,
                 from lib.h:4,
                 from fsipc.c:1:
../include/queue.h:118:59: warning: backslash and newline separated by space
../include/queue.h:155:55: warning: backslash and newline separated by space
In file included from ../include/env.h:7,
                 from lib.h:7,
                 from fsipc.c:1:
../include/queue.h:118:59: warning: backslash and newline separated by space
../include/queue.h:155:55: warning: backslash and newline separated by space
fsipc.c: In function 'fsipc_remove':
fsipc.c:137: warning: control reaches end of non-void function
echo user1 cc console.c
user1 cc console.c
/OSLAB/compiler/usr/bin/mips_4KC-gcc -O -G 0 -mno-abicalls -fno-builtin -Wa,-xgot -Wall -fPIC -march=r3000 -I../include/ -c -o console.o console.c
In file included from ../include/pmap.h:5,
                 from lib.h:4,
                 from console.c:1:
../include/queue.h:118:59: warning: backslash and newline separated by space
../include/queue.h:155:55: warning: backslash and newline separated by space
In file included from ../include/env.h:7,
                 from lib.h:7,
                 from console.c:1:
../include/queue.h:118:59: warning: backslash and newline separated by space
../include/queue.h:155:55: warning: backslash and newline separated by space
echo user1 cc fprintf.c
user1 cc fprintf.c
/OSLAB/compiler/usr/bin/mips_4KC-gcc -O -G 0 -mno-abicalls -fno-builtin -Wa,-xgot -Wall -fPIC -march=r3000 -I../include/ -c -o fprintf.o fprintf.c
In file included from ../include/pmap.h:5,
                 from lib.h:4,
                 from fprintf.c:1:
../include/queue.h:118:59: warning: backslash and newline separated by space
../include/queue.h:155:55: warning: backslash and newline separated by space
In file included from ../include/env.h:7,
                 from lib.h:7,
                 from fprintf.c:1:
../include/queue.h:118:59: warning: backslash and newline separated by space
../include/queue.h:155:55: warning: backslash and newline separated by space
echo ld fstest.b
ld fstest.b
/OSLAB/compiler/usr/bin/mips_4KC-ld -o fstest.b  -G 0 -static -n -nostdlib -T ./user.lds entry.o syscall_wrap.o fstest.o printf.o print.o libos.o fork.o pgfault.o syscall_lib.o ipc.o string.o fd.o pageref.o file.o pipe.o fsipc.o console.o fprintf.o
echo create fstest.b.c
create fstest.b.c
echo bintoc fstest fstest.b > fstest.b.c~
chmod +x ./bintoc
./bintoc fstest fstest.b > fstest.b.c~ && mv -f fstest.b.c~ fstest.b.c
echo cc1 fstest.b.c
cc1 fstest.b.c
/OSLAB/compiler/usr/bin/mips_4KC-gcc -O -G 0 -mno-abicalls -fno-builtin -Wa,-xgot -Wall -fPIC -march=r3000 -c -o fstest.x fstest.b.c
echo user1 cc fktest.c
user1 cc fktest.c
/OSLAB/compiler/usr/bin/mips_4KC-gcc -O -G 0 -mno-abicalls -fno-builtin -Wa,-xgot -Wall -fPIC -march=r3000 -I../include/ -c -o fktest.o fktest.c
In file included from ../include/pmap.h:5,
                 from lib.h:4,
                 from fktest.c:1:
../include/queue.h:118:59: warning: backslash and newline separated by space
../include/queue.h:155:55: warning: backslash and newline separated by space
In file included from ../include/env.h:7,
                 from lib.h:7,
                 from fktest.c:1:
../include/queue.h:118:59: warning: backslash and newline separated by space
../include/queue.h:155:55: warning: backslash and newline separated by space
echo ld fktest.b
ld fktest.b
/OSLAB/compiler/usr/bin/mips_4KC-ld -o fktest.b  -G 0 -static -n -nostdlib -T ./user.lds entry.o syscall_wrap.o fktest.o printf.o print.o libos.o fork.o pgfault.o syscall_lib.o ipc.o string.o fd.o pageref.o file.o pipe.o fsipc.o console.o fprintf.o
echo create fktest.b.c
create fktest.b.c
echo bintoc fktest fktest.b > fktest.b.c~
chmod +x ./bintoc
./bintoc fktest fktest.b > fktest.b.c~ && mv -f fktest.b.c~ fktest.b.c
echo cc1 fktest.b.c
cc1 fktest.b.c
/OSLAB/compiler/usr/bin/mips_4KC-gcc -O -G 0 -mno-abicalls -fno-builtin -Wa,-xgot -Wall -fPIC -march=r3000 -c -o fktest.x fktest.b.c
echo user1 cc pingpong.c
user1 cc pingpong.c
/OSLAB/compiler/usr/bin/mips_4KC-gcc -O -G 0 -mno-abicalls -fno-builtin -Wa,-xgot -Wall -fPIC -march=r3000 -I../include/ -c -o pingpong.o pingpong.c
In file included from ../include/pmap.h:5,
                 from lib.h:4,
                 from pingpong.c:4:
../include/queue.h:118:59: warning: backslash and newline separated by space
../include/queue.h:155:55: warning: backslash and newline separated by space
In file included from ../include/env.h:7,
                 from lib.h:7,
                 from pingpong.c:4:
../include/queue.h:118:59: warning: backslash and newline separated by space
../include/queue.h:155:55: warning: backslash and newline separated by space
echo ld pingpong.b
ld pingpong.b
/OSLAB/compiler/usr/bin/mips_4KC-ld -o pingpong.b  -G 0 -static -n -nostdlib -T ./user.lds entry.o syscall_wrap.o pingpong.o printf.o print.o libos.o fork.o pgfault.o syscall_lib.o ipc.o string.o fd.o pageref.o file.o pipe.o fsipc.o console.o fprintf.o
echo create pingpong.b.c
create pingpong.b.c
echo bintoc pingpong pingpong.b > pingpong.b.c~
chmod +x ./bintoc
./bintoc pingpong pingpong.b > pingpong.b.c~ && mv -f pingpong.b.c~ pingpong.b.c
echo cc1 pingpong.b.c
cc1 pingpong.b.c
/OSLAB/compiler/usr/bin/mips_4KC-gcc -O -G 0 -mno-abicalls -fno-builtin -Wa,-xgot -Wall -fPIC -march=r3000 -c -o pingpong.x pingpong.b.c
echo user1 cc idle.c
user1 cc idle.c
/OSLAB/compiler/usr/bin/mips_4KC-gcc -O -G 0 -mno-abicalls -fno-builtin -Wa,-xgot -Wall -fPIC -march=r3000 -I../include/ -c -o idle.o idle.c
In file included from ../include/pmap.h:5,
                 from lib.h:4,
                 from idle.c:1:
../include/queue.h:118:59: warning: backslash and newline separated by space
../include/queue.h:155:55: warning: backslash and newline separated by space
In file included from ../include/env.h:7,
                 from lib.h:7,
                 from idle.c:1:
../include/queue.h:118:59: warning: backslash and newline separated by space
../include/queue.h:155:55: warning: backslash and newline separated by space
echo ld idle.b
ld idle.b
/OSLAB/compiler/usr/bin/mips_4KC-ld -o idle.b  -G 0 -static -n -nostdlib -T ./user.lds entry.o syscall_wrap.o idle.o printf.o print.o libos.o fork.o pgfault.o syscall_lib.o ipc.o string.o fd.o pageref.o file.o pipe.o fsipc.o console.o fprintf.o
echo create idle.b.c
create idle.b.c
echo bintoc idle idle.b > idle.b.c~
chmod +x ./bintoc
./bintoc idle idle.b > idle.b.c~ && mv -f idle.b.c~ idle.b.c
echo cc1 idle.b.c
cc1 idle.b.c
/OSLAB/compiler/usr/bin/mips_4KC-gcc -O -G 0 -mno-abicalls -fno-builtin -Wa,-xgot -Wall -fPIC -march=r3000 -c -o idle.x idle.b.c
rm idle.o pingpong.b.c idle.b fktest.b.c idle.b.c pingpong.o fstest.b.c fstest.o fktest.o
make[1]: Leaving directory `/usr/src/workdir/user'
make --directory=fs
make[1]: Entering directory `/usr/src/workdir/fs'
echo user1 cc serv.c
user1 cc serv.c
/OSLAB/compiler/usr/bin/mips_4KC-gcc -O -G 0 -mno-abicalls -fno-builtin -Wa,-xgot -Wall -fPIC -march=r3000 -I../include/ -I../user/ -c -o serv.o serv.c
In file included from ../include/pmap.h:5,
                 from ../user/lib.h:4,
                 from fs.h:1,
                 from serv.c:6:
../include/queue.h:118:59: warning: backslash and newline separated by space
../include/queue.h:155:55: warning: backslash and newline separated by space
In file included from ../include/env.h:7,
                 from ../user/lib.h:7,
                 from fs.h:1,
                 from serv.c:6:
../include/queue.h:118:59: warning: backslash and newline separated by space
../include/queue.h:155:55: warning: backslash and newline separated by space
serv.c: In function 'serve_remove':
serv.c:206: warning: unused variable 'path'
serv.c:205: warning: unused variable 'r'
echo user1 cc fs.c
user1 cc fs.c
/OSLAB/compiler/usr/bin/mips_4KC-gcc -O -G 0 -mno-abicalls -fno-builtin -Wa,-xgot -Wall -fPIC -march=r3000 -I../include/ -I../user/ -c -o fs.o fs.c
In file included from ../include/pmap.h:5,
                 from ../user/lib.h:4,
                 from fs.h:1,
                 from fs.c:1:
../include/queue.h:118:59: warning: backslash and newline separated by space
../include/queue.h:155:55: warning: backslash and newline separated by space
In file included from ../include/env.h:7,
                 from ../user/lib.h:7,
                 from fs.h:1,
                 from fs.c:1:
../include/queue.h:118:59: warning: backslash and newline separated by space
../include/queue.h:155:55: warning: backslash and newline separated by space
fs.c: In function 'unmap_block':
fs.c:89: warning: 'return' with a value, in function returning void
fs.c:96: warning: implicit declaration of function 'write_block'
fs.c:85: warning: unused variable 'r'
fs.c: At top level:
fs.c:170: warning: conflicting types for 'write_block'
fs.c:96: warning: previous implicit declaration of 'write_block' was here
fs.c: In function 'dir_lookup':
fs.c:541: warning: unused variable 'f'
fs.c:540: warning: unused variable 'blk'
fs.c:539: warning: unused variable 'j'
fs.c:538: warning: unused variable 'r'
fs.c:545: warning: 'nblock' is used uninitialized in this function
echo user1 cc ide.c
user1 cc ide.c
/OSLAB/compiler/usr/bin/mips_4KC-gcc -O -G 0 -mno-abicalls -fno-builtin -Wa,-xgot -Wall -fPIC -march=r3000 -I../include/ -I../user/ -c -o ide.o ide.c
In file included from ../include/pmap.h:5,
                 from ../user/lib.h:4,
                 from fs.h:1,
                 from ide.c:5:
../include/queue.h:118:59: warning: backslash and newline separated by space
../include/queue.h:155:55: warning: backslash and newline separated by space
In file included from ../include/env.h:7,
                 from ../user/lib.h:7,
                 from fs.h:1,
                 from ide.c:5:
../include/queue.h:118:59: warning: backslash and newline separated by space
../include/queue.h:155:55: warning: backslash and newline separated by space
ide.c: In function 'ide_read':
ide.c:40: warning: implicit declaration of function 'syscall_write_dev'
ide.c:51: warning: implicit declaration of function 'syscall_read_dev'
echo user1 cc test.c
user1 cc test.c
/OSLAB/compiler/usr/bin/mips_4KC-gcc -O -G 0 -mno-abicalls -fno-builtin -Wa,-xgot -Wall -fPIC -march=r3000 -I../include/ -I../user/ -c -o test.o test.c
In file included from ../include/pmap.h:5,
                 from ../user/lib.h:4,
                 from fs.h:1,
                 from test.c:1:
../include/queue.h:118:59: warning: backslash and newline separated by space
../include/queue.h:155:55: warning: backslash and newline separated by space
In file included from ../include/env.h:7,
                 from ../user/lib.h:7,
                 from fs.h:1,
                 from test.c:1:
../include/queue.h:118:59: warning: backslash and newline separated by space
../include/queue.h:155:55: warning: backslash and newline separated by space
echo ld serv.b
ld serv.b
/OSLAB/compiler/usr/bin/mips_4KC-ld -o serv.b  -G 0 -static -n -nostdlib -T ../user/user.lds ../user/entry.o ../user/syscall_wrap.o serv.o ../user/printf.o ../user/print.o ../user/libos.o ../user/fork.o ../user/pgfault.o ../user/syscall_lib.o ../user/ipc.o ../user/string.o ../user/fd.o ../user/pageref.o ../user/file.o ../user/fsipc.o ../user/pipe.o ../user/console.o ../user/fprintf.o fs.o ide.o test.o
echo create serv.b.c
create serv.b.c
echo bintoc serv serv.b > serv.b.c~
chmod +x ./bintoc
./bintoc serv serv.b > serv.b.c~ && mv -f serv.b.c~ serv.b.c
echo cc1 serv.b.c
cc1 serv.b.c
/OSLAB/compiler/usr/bin/mips_4KC-gcc -I../include/ -I../user/ -O -G 0 -mno-abicalls -fno-builtin -Wa,-xgot -Wall -fPIC -march=r3000 -c -o serv.x serv.b.c
dd if=/dev/zero of=../gxemul/fs.img bs=4096 count=1024 2>/dev/null
gcc -I../include/ -I../user/ fsformat.c -o ./fsformat -m32
chmod +x ./fsformat
./fsformat ../gxemul/fs.img motd newmotd
rm serv.o test.o serv.b.c ide.o fs.o
make[1]: Leaving directory `/usr/src/workdir/fs'
/OSLAB/compiler/usr/bin/mips_4KC-ld -o gxemul/vmlinux -N -T tools/scse0_3.lds boot/start.o init/main.o init/init.o init/code.o drivers/gxconsole/console.o lib/*.o user/*.x fs/*.x mm/*.o

End build at 2021年 05月 19日 星期三 20:16:15 CST

[35m[ PASSED:3 ][0m
[35m[ TOTAL:23 ][0m
[31m[01m[ You got 16 (of 60) in part 2 of lab5 ][0m
[33m[01m[ You got 56 (of 100) this time. 2021年 05月 19日 星期三 20:16:26 CST ][0m
