Autotest: Begin at 2021年 04月 27日 星期二 14:47:39 CST
Begin build at 2021年 04月 27日 星期二 14:47:41 CST
Cleanning the project.................

for d in boot drivers init lib mm;	\
		do					\
			make --directory=$d clean; \
		done; \
	rm -rf *.o *~ gxemul/vmlinux
make[1]: Entering directory `/usr/src/workdir/boot'
rm -rf *~ *.o
make[1]: Leaving directory `/usr/src/workdir/boot'
make[1]: Entering directory `/usr/src/workdir/drivers'
for d in gxconsole; \
		do				\
			make --directory=$d clean; \
		done
make[2]: Entering directory `/usr/src/workdir/drivers/gxconsole'
rm -rf *.o *~
make[2]: Leaving directory `/usr/src/workdir/drivers/gxconsole'
make[1]: Leaving directory `/usr/src/workdir/drivers'
make[1]: Entering directory `/usr/src/workdir/init'
rm -rf *~ *.o
make[1]: Leaving directory `/usr/src/workdir/init'
make[1]: Entering directory `/usr/src/workdir/lib'
rm -rf *~ *.o
make[1]: Leaving directory `/usr/src/workdir/lib'
make[1]: Entering directory `/usr/src/workdir/mm'
rm -rf *~ *.o
make[1]: Leaving directory `/usr/src/workdir/mm'

Building the project..................

make --directory=boot
make[1]: Entering directory `/usr/src/workdir/boot'
/OSLAB/compiler/usr/bin/mips_4KC-gcc -O -G 0 -mno-abicalls -fno-builtin -Wa,-xgot -Wall -fPIC -march=r3000 -I../include/ -c start.S 
make[1]: Leaving directory `/usr/src/workdir/boot'
make --directory=drivers
make[1]: Entering directory `/usr/src/workdir/drivers'
make --directory=gxconsole
make[2]: Entering directory `/usr/src/workdir/drivers/gxconsole'
/OSLAB/compiler/usr/bin/mips_4KC-gcc -O -G 0 -mno-abicalls -fno-builtin -Wa,-xgot -Wall -fPIC -march=r3000   -c -o console.o console.c
make[2]: Leaving directory `/usr/src/workdir/drivers/gxconsole'
make[1]: Leaving directory `/usr/src/workdir/drivers'
make --directory=init
make[1]: Entering directory `/usr/src/workdir/init'
/OSLAB/compiler/usr/bin/mips_4KC-gcc -O -G 0 -mno-abicalls -fno-builtin -Wa,-xgot -Wall -fPIC -march=r3000 -I../include -c init.c
In file included from ../include/pmap.h:5,
                 from init.c:2:
../include/queue.h:118:63: warning: backslash and newline separated by space
../include/queue.h:155:55: warning: backslash and newline separated by space
In file included from ../include/env.h:7,
                 from init.c:3:
../include/queue.h:118:63: warning: backslash and newline separated by space
../include/queue.h:155:55: warning: backslash and newline separated by space
/OSLAB/compiler/usr/bin/mips_4KC-gcc -O -G 0 -mno-abicalls -fno-builtin -Wa,-xgot -Wall -fPIC -march=r3000 -I../include -c main.c
In file included from ../include/pmap.h:5,
                 from main.c:13:
../include/queue.h:118:63: warning: backslash and newline separated by space
../include/queue.h:155:55: warning: backslash and newline separated by space
/OSLAB/compiler/usr/bin/mips_4KC-gcc -O -G 0 -mno-abicalls -fno-builtin -Wa,-xgot -Wall -fPIC -march=r3000 -I../include -c code_a.c
/OSLAB/compiler/usr/bin/mips_4KC-gcc -O -G 0 -mno-abicalls -fno-builtin -Wa,-xgot -Wall -fPIC -march=r3000 -I../include -c code_b.c
make[1]: Leaving directory `/usr/src/workdir/init'
make --directory=lib
make[1]: Entering directory `/usr/src/workdir/lib'
/OSLAB/compiler/usr/bin/mips_4KC-gcc -O -G 0 -mno-abicalls -fno-builtin -Wa,-xgot -Wall -fPIC -march=r3000 -I./ -I../ -I../include/ -c kernel_elfloader.c
In file included from ../include/pmap.h:5,
                 from kernel_elfloader.c:9:
../include/queue.h:118:63: warning: backslash and newline separated by space
../include/queue.h:155:55: warning: backslash and newline separated by space
/OSLAB/compiler/usr/bin/mips_4KC-gcc -O -G 0 -mno-abicalls -fno-builtin -Wa,-xgot -Wall -fPIC -march=r3000 -I./ -I../ -I../include/ -c env.c
In file included from ../include/env.h:7,
                 from env.c:6:
../include/queue.h:118:63: warning: backslash and newline separated by space
../include/queue.h:155:55: warning: backslash and newline separated by space
In file included from ../include/pmap.h:5,
                 from env.c:9:
../include/queue.h:118:63: warning: backslash and newline separated by space
../include/queue.h:155:55: warning: backslash and newline separated by space
env.c: In function 'env_alloc':
env.c:197: warning: unused variable 'r'
/OSLAB/compiler/usr/bin/mips_4KC-gcc -O -G 0 -mno-abicalls -fno-builtin -Wa,-xgot -Wall -fPIC -march=r3000 -I./ -I../ -I../include/ -c print.c
/OSLAB/compiler/usr/bin/mips_4KC-gcc -O -G 0 -mno-abicalls -fno-builtin -Wa,-xgot -Wall -fPIC -march=r3000 -I./ -I../ -I../include/ -c printf.c
/OSLAB/compiler/usr/bin/mips_4KC-gcc -O -G 0 -mno-abicalls -fno-builtin -Wa,-xgot -Wall -fPIC -march=r3000 -I./ -I../ -I../include/ -c sched.c
In file included from ../include/env.h:7,
                 from sched.c:1:
../include/queue.h:118:63: warning: backslash and newline separated by space
../include/queue.h:155:55: warning: backslash and newline separated by space
In file included from ../include/pmap.h:5,
                 from sched.c:2:
../include/queue.h:118:63: warning: backslash and newline separated by space
../include/queue.h:155:55: warning: backslash and newline separated by space
sched.c: In function 'sched_yield':
sched.c:23: warning: unused variable 'point'
sched.c:84: warning: 'max' may be used uninitialized in this function
/OSLAB/compiler/usr/bin/mips_4KC-gcc -O -G 0 -mno-abicalls -fno-builtin -Wa,-xgot -Wall -fPIC -march=r3000 -I./ -I../ -I../include/ -c env_asm.S
env_asm.S: Assembler messages:
env_asm.S:62: Warning: Used $at without ".set noat"
/OSLAB/compiler/usr/bin/mips_4KC-gcc -O -G 0 -mno-abicalls -fno-builtin -Wa,-xgot -Wall -fPIC -march=r3000 -I./ -I../ -I../include/ -c kclock.c
/OSLAB/compiler/usr/bin/mips_4KC-gcc -O -G 0 -mno-abicalls -fno-builtin -Wa,-xgot -Wall -fPIC -march=r3000 -I./ -I../ -I../include/ -c traps.c
In file included from ../include/env.h:7,
                 from traps.c:2:
../include/queue.h:118:63: warning: backslash and newline separated by space
../include/queue.h:155:55: warning: backslash and newline separated by space
traps.c: In function 'page_fault_handler':
traps.c:58: warning: passing argument 2 of 'bcopy' makes pointer from integer without a cast
traps.c:66: warning: passing argument 2 of 'bcopy' makes pointer from integer without a cast
traps.c:47: warning: unused variable 'd'
traps.c:47: warning: unused variable 'tos'
traps.c:46: warning: unused variable 'va'
/OSLAB/compiler/usr/bin/mips_4KC-gcc -O -G 0 -mno-abicalls -fno-builtin -Wa,-xgot -Wall -fPIC -march=r3000 -I./ -I../ -I../include/ -c genex.S
/OSLAB/compiler/usr/bin/mips_4KC-gcc -O -G 0 -mno-abicalls -fno-builtin -Wa,-xgot -Wall -fPIC -march=r3000 -I./ -I../ -I../include/ -c kclock_asm.S
/OSLAB/compiler/usr/bin/mips_4KC-gcc -O -G 0 -mno-abicalls -fno-builtin -Wa,-xgot -Wall -fPIC -march=r3000 -I./ -I../ -I../include/ -c syscall.S
syscall.S: Assembler messages:
syscall.S:10: Warning: Used $at without ".set noat"
/OSLAB/compiler/usr/bin/mips_4KC-gcc -O -G 0 -mno-abicalls -fno-builtin -Wa,-xgot -Wall -fPIC -march=r3000 -I./ -I../ -I../include/ -c syscall_all.c
In file included from ../include/env.h:7,
                 from syscall_all.c:3:
../include/queue.h:118:63: warning: backslash and newline separated by space
../include/queue.h:155:55: warning: backslash and newline separated by space
In file included from ../include/pmap.h:5,
                 from syscall_all.c:5:
../include/queue.h:118:63: warning: backslash and newline separated by space
../include/queue.h:155:55: warning: backslash and newline separated by space
syscall_all.c: In function 'sys_putchar':
syscall_all.c:14: warning: implicit declaration of function 'printcharc'
/OSLAB/compiler/usr/bin/mips_4KC-gcc -O -G 0 -mno-abicalls -fno-builtin -Wa,-xgot -Wall -fPIC -march=r3000 -I./ -I../ -I../include/ -c getc.S
make[1]: Leaving directory `/usr/src/workdir/lib'
make --directory=mm
make[1]: Entering directory `/usr/src/workdir/mm'
/OSLAB/compiler/usr/bin/mips_4KC-gcc -O -G 0 -mno-abicalls -fno-builtin -Wa,-xgot -Wall -fPIC -march=r3000 -I./ -I../ -I../include/ -c pmap.c
In file included from ../include/pmap.h:5,
                 from pmap.c:2:
../include/queue.h:118:63: warning: backslash and newline separated by space
../include/queue.h:155:55: warning: backslash and newline separated by space
In file included from ../include/env.h:7,
                 from pmap.c:4:
../include/queue.h:118:63: warning: backslash and newline separated by space
../include/queue.h:155:55: warning: backslash and newline separated by space
pmap.c: In function 'page_alloc':
pmap.c:246: warning: passing argument 1 of 'bzero' makes pointer from integer without a cast
pmap.c:237: warning: unused variable 'ppage_temp'
/OSLAB/compiler/usr/bin/mips_4KC-gcc -O -G 0 -mno-abicalls -fno-builtin -Wa,-xgot -Wall -fPIC -march=r3000 -I./ -I../ -I../include/ -c tlb_asm.S
make[1]: Leaving directory `/usr/src/workdir/mm'
/OSLAB/compiler/usr/bin/mips_4KC-ld -o gxemul/vmlinux -N -T tools/scse0_3.lds boot/start.o init/*.o drivers/gxconsole/console.o lib/*.o mm/*.o

End build at 2021年 04月 27日 星期二 14:48:05 CST
Begin build at 2021年 04月 27日 星期二 14:48:15 CST
Cleanning the project.................

for d in boot drivers init lib mm;	\
		do					\
			make --directory=$d clean; \
		done; \
	rm -rf *.o *~ gxemul/vmlinux
make[1]: Entering directory `/usr/src/workdir/boot'
rm -rf *~ *.o
make[1]: Leaving directory `/usr/src/workdir/boot'
make[1]: Entering directory `/usr/src/workdir/drivers'
for d in gxconsole; \
		do				\
			make --directory=$d clean; \
		done
make[2]: Entering directory `/usr/src/workdir/drivers/gxconsole'
rm -rf *.o *~
make[2]: Leaving directory `/usr/src/workdir/drivers/gxconsole'
make[1]: Leaving directory `/usr/src/workdir/drivers'
make[1]: Entering directory `/usr/src/workdir/init'
rm -rf *~ *.o
make[1]: Leaving directory `/usr/src/workdir/init'
make[1]: Entering directory `/usr/src/workdir/lib'
rm -rf *~ *.o
make[1]: Leaving directory `/usr/src/workdir/lib'
make[1]: Entering directory `/usr/src/workdir/mm'
rm -rf *~ *.o
make[1]: Leaving directory `/usr/src/workdir/mm'

Building the project..................

make --directory=boot
make[1]: Entering directory `/usr/src/workdir/boot'
/OSLAB/compiler/usr/bin/mips_4KC-gcc -O -G 0 -mno-abicalls -fno-builtin -Wa,-xgot -Wall -fPIC -march=r3000 -I../include/ -c start.S 
make[1]: Leaving directory `/usr/src/workdir/boot'
make --directory=drivers
make[1]: Entering directory `/usr/src/workdir/drivers'
make --directory=gxconsole
make[2]: Entering directory `/usr/src/workdir/drivers/gxconsole'
/OSLAB/compiler/usr/bin/mips_4KC-gcc -O -G 0 -mno-abicalls -fno-builtin -Wa,-xgot -Wall -fPIC -march=r3000   -c -o console.o console.c
make[2]: Leaving directory `/usr/src/workdir/drivers/gxconsole'
make[1]: Leaving directory `/usr/src/workdir/drivers'
make --directory=init
make[1]: Entering directory `/usr/src/workdir/init'
/OSLAB/compiler/usr/bin/mips_4KC-gcc -O -G 0 -mno-abicalls -fno-builtin -Wa,-xgot -Wall -fPIC -march=r3000 -I../include -c init.c
In file included from ../include/pmap.h:5,
                 from init.c:2:
../include/queue.h:118:63: warning: backslash and newline separated by space
../include/queue.h:155:55: warning: backslash and newline separated by space
In file included from ../include/env.h:7,
                 from init.c:3:
../include/queue.h:118:63: warning: backslash and newline separated by space
../include/queue.h:155:55: warning: backslash and newline separated by space
/OSLAB/compiler/usr/bin/mips_4KC-gcc -O -G 0 -mno-abicalls -fno-builtin -Wa,-xgot -Wall -fPIC -march=r3000 -I../include -c main.c
In file included from ../include/pmap.h:5,
                 from main.c:13:
../include/queue.h:118:63: warning: backslash and newline separated by space
../include/queue.h:155:55: warning: backslash and newline separated by space
/OSLAB/compiler/usr/bin/mips_4KC-gcc -O -G 0 -mno-abicalls -fno-builtin -Wa,-xgot -Wall -fPIC -march=r3000 -I../include -c code_a.c
/OSLAB/compiler/usr/bin/mips_4KC-gcc -O -G 0 -mno-abicalls -fno-builtin -Wa,-xgot -Wall -fPIC -march=r3000 -I../include -c code_b.c
make[1]: Leaving directory `/usr/src/workdir/init'
make --directory=lib
make[1]: Entering directory `/usr/src/workdir/lib'
/OSLAB/compiler/usr/bin/mips_4KC-gcc -O -G 0 -mno-abicalls -fno-builtin -Wa,-xgot -Wall -fPIC -march=r3000 -I./ -I../ -I../include/ -c kernel_elfloader.c
In file included from ../include/pmap.h:5,
                 from kernel_elfloader.c:9:
../include/queue.h:118:63: warning: backslash and newline separated by space
../include/queue.h:155:55: warning: backslash and newline separated by space
/OSLAB/compiler/usr/bin/mips_4KC-gcc -O -G 0 -mno-abicalls -fno-builtin -Wa,-xgot -Wall -fPIC -march=r3000 -I./ -I../ -I../include/ -c env.c
In file included from ../include/env.h:7,
                 from env.c:6:
../include/queue.h:118:63: warning: backslash and newline separated by space
../include/queue.h:155:55: warning: backslash and newline separated by space
In file included from ../include/pmap.h:5,
                 from env.c:9:
../include/queue.h:118:63: warning: backslash and newline separated by space
../include/queue.h:155:55: warning: backslash and newline separated by space
env.c: In function 'env_alloc':
env.c:197: warning: unused variable 'r'
/OSLAB/compiler/usr/bin/mips_4KC-gcc -O -G 0 -mno-abicalls -fno-builtin -Wa,-xgot -Wall -fPIC -march=r3000 -I./ -I../ -I../include/ -c print.c
/OSLAB/compiler/usr/bin/mips_4KC-gcc -O -G 0 -mno-abicalls -fno-builtin -Wa,-xgot -Wall -fPIC -march=r3000 -I./ -I../ -I../include/ -c printf.c
/OSLAB/compiler/usr/bin/mips_4KC-gcc -O -G 0 -mno-abicalls -fno-builtin -Wa,-xgot -Wall -fPIC -march=r3000 -I./ -I../ -I../include/ -c sched.c
In file included from ../include/env.h:7,
                 from sched.c:1:
../include/queue.h:118:63: warning: backslash and newline separated by space
../include/queue.h:155:55: warning: backslash and newline separated by space
In file included from ../include/pmap.h:5,
                 from sched.c:2:
../include/queue.h:118:63: warning: backslash and newline separated by space
../include/queue.h:155:55: warning: backslash and newline separated by space
sched.c: In function 'sched_yield':
sched.c:23: warning: unused variable 'point'
sched.c:84: warning: 'max' may be used uninitialized in this function
/OSLAB/compiler/usr/bin/mips_4KC-gcc -O -G 0 -mno-abicalls -fno-builtin -Wa,-xgot -Wall -fPIC -march=r3000 -I./ -I../ -I../include/ -c env_asm.S
env_asm.S: Assembler messages:
env_asm.S:62: Warning: Used $at without ".set noat"
/OSLAB/compiler/usr/bin/mips_4KC-gcc -O -G 0 -mno-abicalls -fno-builtin -Wa,-xgot -Wall -fPIC -march=r3000 -I./ -I../ -I../include/ -c kclock.c
/OSLAB/compiler/usr/bin/mips_4KC-gcc -O -G 0 -mno-abicalls -fno-builtin -Wa,-xgot -Wall -fPIC -march=r3000 -I./ -I../ -I../include/ -c traps.c
In file included from ../include/env.h:7,
                 from traps.c:2:
../include/queue.h:118:63: warning: backslash and newline separated by space
../include/queue.h:155:55: warning: backslash and newline separated by space
traps.c: In function 'page_fault_handler':
traps.c:58: warning: passing argument 2 of 'bcopy' makes pointer from integer without a cast
traps.c:66: warning: passing argument 2 of 'bcopy' makes pointer from integer without a cast
traps.c:47: warning: unused variable 'd'
traps.c:47: warning: unused variable 'tos'
traps.c:46: warning: unused variable 'va'
/OSLAB/compiler/usr/bin/mips_4KC-gcc -O -G 0 -mno-abicalls -fno-builtin -Wa,-xgot -Wall -fPIC -march=r3000 -I./ -I../ -I../include/ -c genex.S
/OSLAB/compiler/usr/bin/mips_4KC-gcc -O -G 0 -mno-abicalls -fno-builtin -Wa,-xgot -Wall -fPIC -march=r3000 -I./ -I../ -I../include/ -c kclock_asm.S
/OSLAB/compiler/usr/bin/mips_4KC-gcc -O -G 0 -mno-abicalls -fno-builtin -Wa,-xgot -Wall -fPIC -march=r3000 -I./ -I../ -I../include/ -c syscall.S
syscall.S: Assembler messages:
syscall.S:10: Warning: Used $at without ".set noat"
/OSLAB/compiler/usr/bin/mips_4KC-gcc -O -G 0 -mno-abicalls -fno-builtin -Wa,-xgot -Wall -fPIC -march=r3000 -I./ -I../ -I../include/ -c syscall_all.c
In file included from ../include/env.h:7,
                 from syscall_all.c:3:
../include/queue.h:118:63: warning: backslash and newline separated by space
../include/queue.h:155:55: warning: backslash and newline separated by space
In file included from ../include/pmap.h:5,
                 from syscall_all.c:5:
../include/queue.h:118:63: warning: backslash and newline separated by space
../include/queue.h:155:55: warning: backslash and newline separated by space
syscall_all.c: In function 'sys_putchar':
syscall_all.c:14: warning: implicit declaration of function 'printcharc'
/OSLAB/compiler/usr/bin/mips_4KC-gcc -O -G 0 -mno-abicalls -fno-builtin -Wa,-xgot -Wall -fPIC -march=r3000 -I./ -I../ -I../include/ -c getc.S
make[1]: Leaving directory `/usr/src/workdir/lib'
make --directory=mm
make[1]: Entering directory `/usr/src/workdir/mm'
/OSLAB/compiler/usr/bin/mips_4KC-gcc -O -G 0 -mno-abicalls -fno-builtin -Wa,-xgot -Wall -fPIC -march=r3000 -I./ -I../ -I../include/ -c pmap.c
In file included from ../include/pmap.h:5,
                 from pmap.c:2:
../include/queue.h:118:63: warning: backslash and newline separated by space
../include/queue.h:155:55: warning: backslash and newline separated by space
In file included from ../include/env.h:7,
                 from pmap.c:4:
../include/queue.h:118:63: warning: backslash and newline separated by space
../include/queue.h:155:55: warning: backslash and newline separated by space
pmap.c: In function 'page_alloc':
pmap.c:246: warning: passing argument 1 of 'bzero' makes pointer from integer without a cast
pmap.c:237: warning: unused variable 'ppage_temp'
/OSLAB/compiler/usr/bin/mips_4KC-gcc -O -G 0 -mno-abicalls -fno-builtin -Wa,-xgot -Wall -fPIC -march=r3000 -I./ -I../ -I../include/ -c tlb_asm.S
make[1]: Leaving directory `/usr/src/workdir/mm'
/OSLAB/compiler/usr/bin/mips_4KC-ld -o gxemul/vmlinux -N -T tools/scse0_3.lds boot/start.o init/*.o drivers/gxconsole/console.o lib/*.o mm/*.o

End build at 2021年 04月 27日 星期二 14:48:27 CST
[35m[ POINT: 50 ][0m
Begin build at 2021年 04月 27日 星期二 14:48:37 CST
Cleanning the project.................

for d in boot drivers init lib mm;	\
		do					\
			make --directory=$d clean; \
		done; \
	rm -rf *.o *~ gxemul/vmlinux
make[1]: Entering directory `/usr/src/workdir/boot'
rm -rf *~ *.o
make[1]: Leaving directory `/usr/src/workdir/boot'
make[1]: Entering directory `/usr/src/workdir/drivers'
for d in gxconsole; \
		do				\
			make --directory=$d clean; \
		done
make[2]: Entering directory `/usr/src/workdir/drivers/gxconsole'
rm -rf *.o *~
make[2]: Leaving directory `/usr/src/workdir/drivers/gxconsole'
make[1]: Leaving directory `/usr/src/workdir/drivers'
make[1]: Entering directory `/usr/src/workdir/init'
rm -rf *~ *.o
make[1]: Leaving directory `/usr/src/workdir/init'
make[1]: Entering directory `/usr/src/workdir/lib'
rm -rf *~ *.o
make[1]: Leaving directory `/usr/src/workdir/lib'
make[1]: Entering directory `/usr/src/workdir/mm'
rm -rf *~ *.o
make[1]: Leaving directory `/usr/src/workdir/mm'

Building the project..................

make --directory=boot
make[1]: Entering directory `/usr/src/workdir/boot'
/OSLAB/compiler/usr/bin/mips_4KC-gcc -O -G 0 -mno-abicalls -fno-builtin -Wa,-xgot -Wall -fPIC -march=r3000 -I../include/ -c start.S 
make[1]: Leaving directory `/usr/src/workdir/boot'
make --directory=drivers
make[1]: Entering directory `/usr/src/workdir/drivers'
make --directory=gxconsole
make[2]: Entering directory `/usr/src/workdir/drivers/gxconsole'
/OSLAB/compiler/usr/bin/mips_4KC-gcc -O -G 0 -mno-abicalls -fno-builtin -Wa,-xgot -Wall -fPIC -march=r3000   -c -o console.o console.c
make[2]: Leaving directory `/usr/src/workdir/drivers/gxconsole'
make[1]: Leaving directory `/usr/src/workdir/drivers'
make --directory=init
make[1]: Entering directory `/usr/src/workdir/init'
/OSLAB/compiler/usr/bin/mips_4KC-gcc -O -G 0 -mno-abicalls -fno-builtin -Wa,-xgot -Wall -fPIC -march=r3000 -I../include -c init.c
In file included from ../include/pmap.h:5,
                 from init.c:2:
../include/queue.h:118:63: warning: backslash and newline separated by space
../include/queue.h:155:55: warning: backslash and newline separated by space
In file included from ../include/env.h:7,
                 from init.c:3:
../include/queue.h:118:63: warning: backslash and newline separated by space
../include/queue.h:155:55: warning: backslash and newline separated by space
/OSLAB/compiler/usr/bin/mips_4KC-gcc -O -G 0 -mno-abicalls -fno-builtin -Wa,-xgot -Wall -fPIC -march=r3000 -I../include -c main.c
In file included from ../include/pmap.h:5,
                 from main.c:13:
../include/queue.h:118:63: warning: backslash and newline separated by space
../include/queue.h:155:55: warning: backslash and newline separated by space
/OSLAB/compiler/usr/bin/mips_4KC-gcc -O -G 0 -mno-abicalls -fno-builtin -Wa,-xgot -Wall -fPIC -march=r3000 -I../include -c code_a.c
/OSLAB/compiler/usr/bin/mips_4KC-gcc -O -G 0 -mno-abicalls -fno-builtin -Wa,-xgot -Wall -fPIC -march=r3000 -I../include -c code_b.c
make[1]: Leaving directory `/usr/src/workdir/init'
make --directory=lib
make[1]: Entering directory `/usr/src/workdir/lib'
/OSLAB/compiler/usr/bin/mips_4KC-gcc -O -G 0 -mno-abicalls -fno-builtin -Wa,-xgot -Wall -fPIC -march=r3000 -I./ -I../ -I../include/ -c kernel_elfloader.c
In file included from ../include/pmap.h:5,
                 from kernel_elfloader.c:9:
../include/queue.h:118:63: warning: backslash and newline separated by space
../include/queue.h:155:55: warning: backslash and newline separated by space
/OSLAB/compiler/usr/bin/mips_4KC-gcc -O -G 0 -mno-abicalls -fno-builtin -Wa,-xgot -Wall -fPIC -march=r3000 -I./ -I../ -I../include/ -c env.c
In file included from ../include/env.h:7,
                 from env.c:6:
../include/queue.h:118:63: warning: backslash and newline separated by space
../include/queue.h:155:55: warning: backslash and newline separated by space
In file included from ../include/pmap.h:5,
                 from env.c:9:
../include/queue.h:118:63: warning: backslash and newline separated by space
../include/queue.h:155:55: warning: backslash and newline separated by space
env.c: In function 'env_alloc':
env.c:197: warning: unused variable 'r'
/OSLAB/compiler/usr/bin/mips_4KC-gcc -O -G 0 -mno-abicalls -fno-builtin -Wa,-xgot -Wall -fPIC -march=r3000 -I./ -I../ -I../include/ -c print.c
/OSLAB/compiler/usr/bin/mips_4KC-gcc -O -G 0 -mno-abicalls -fno-builtin -Wa,-xgot -Wall -fPIC -march=r3000 -I./ -I../ -I../include/ -c printf.c
/OSLAB/compiler/usr/bin/mips_4KC-gcc -O -G 0 -mno-abicalls -fno-builtin -Wa,-xgot -Wall -fPIC -march=r3000 -I./ -I../ -I../include/ -c sched.c
In file included from ../include/env.h:7,
                 from sched.c:1:
../include/queue.h:118:63: warning: backslash and newline separated by space
../include/queue.h:155:55: warning: backslash and newline separated by space
In file included from ../include/pmap.h:5,
                 from sched.c:2:
../include/queue.h:118:63: warning: backslash and newline separated by space
../include/queue.h:155:55: warning: backslash and newline separated by space
sched.c: In function 'sched_yield':
sched.c:23: warning: unused variable 'point'
sched.c:84: warning: 'max' may be used uninitialized in this function
/OSLAB/compiler/usr/bin/mips_4KC-gcc -O -G 0 -mno-abicalls -fno-builtin -Wa,-xgot -Wall -fPIC -march=r3000 -I./ -I../ -I../include/ -c env_asm.S
env_asm.S: Assembler messages:
env_asm.S:62: Warning: Used $at without ".set noat"
/OSLAB/compiler/usr/bin/mips_4KC-gcc -O -G 0 -mno-abicalls -fno-builtin -Wa,-xgot -Wall -fPIC -march=r3000 -I./ -I../ -I../include/ -c kclock.c
/OSLAB/compiler/usr/bin/mips_4KC-gcc -O -G 0 -mno-abicalls -fno-builtin -Wa,-xgot -Wall -fPIC -march=r3000 -I./ -I../ -I../include/ -c traps.c
In file included from ../include/env.h:7,
                 from traps.c:2:
../include/queue.h:118:63: warning: backslash and newline separated by space
../include/queue.h:155:55: warning: backslash and newline separated by space
traps.c: In function 'page_fault_handler':
traps.c:58: warning: passing argument 2 of 'bcopy' makes pointer from integer without a cast
traps.c:66: warning: passing argument 2 of 'bcopy' makes pointer from integer without a cast
traps.c:47: warning: unused variable 'd'
traps.c:47: warning: unused variable 'tos'
traps.c:46: warning: unused variable 'va'
/OSLAB/compiler/usr/bin/mips_4KC-gcc -O -G 0 -mno-abicalls -fno-builtin -Wa,-xgot -Wall -fPIC -march=r3000 -I./ -I../ -I../include/ -c genex.S
/OSLAB/compiler/usr/bin/mips_4KC-gcc -O -G 0 -mno-abicalls -fno-builtin -Wa,-xgot -Wall -fPIC -march=r3000 -I./ -I../ -I../include/ -c kclock_asm.S
/OSLAB/compiler/usr/bin/mips_4KC-gcc -O -G 0 -mno-abicalls -fno-builtin -Wa,-xgot -Wall -fPIC -march=r3000 -I./ -I../ -I../include/ -c syscall.S
syscall.S: Assembler messages:
syscall.S:10: Warning: Used $at without ".set noat"
/OSLAB/compiler/usr/bin/mips_4KC-gcc -O -G 0 -mno-abicalls -fno-builtin -Wa,-xgot -Wall -fPIC -march=r3000 -I./ -I../ -I../include/ -c syscall_all.c
In file included from ../include/env.h:7,
                 from syscall_all.c:3:
../include/queue.h:118:63: warning: backslash and newline separated by space
../include/queue.h:155:55: warning: backslash and newline separated by space
In file included from ../include/pmap.h:5,
                 from syscall_all.c:5:
../include/queue.h:118:63: warning: backslash and newline separated by space
../include/queue.h:155:55: warning: backslash and newline separated by space
syscall_all.c: In function 'sys_putchar':
syscall_all.c:14: warning: implicit declaration of function 'printcharc'
/OSLAB/compiler/usr/bin/mips_4KC-gcc -O -G 0 -mno-abicalls -fno-builtin -Wa,-xgot -Wall -fPIC -march=r3000 -I./ -I../ -I../include/ -c getc.S
make[1]: Leaving directory `/usr/src/workdir/lib'
make --directory=mm
make[1]: Entering directory `/usr/src/workdir/mm'
/OSLAB/compiler/usr/bin/mips_4KC-gcc -O -G 0 -mno-abicalls -fno-builtin -Wa,-xgot -Wall -fPIC -march=r3000 -I./ -I../ -I../include/ -c pmap.c
In file included from ../include/pmap.h:5,
                 from pmap.c:2:
../include/queue.h:118:63: warning: backslash and newline separated by space
../include/queue.h:155:55: warning: backslash and newline separated by space
In file included from ../include/env.h:7,
                 from pmap.c:4:
../include/queue.h:118:63: warning: backslash and newline separated by space
../include/queue.h:155:55: warning: backslash and newline separated by space
pmap.c: In function 'page_alloc':
pmap.c:246: warning: passing argument 1 of 'bzero' makes pointer from integer without a cast
pmap.c:237: warning: unused variable 'ppage_temp'
/OSLAB/compiler/usr/bin/mips_4KC-gcc -O -G 0 -mno-abicalls -fno-builtin -Wa,-xgot -Wall -fPIC -march=r3000 -I./ -I../ -I../include/ -c tlb_asm.S
make[1]: Leaving directory `/usr/src/workdir/mm'
/OSLAB/compiler/usr/bin/mips_4KC-ld -o gxemul/vmlinux -N -T tools/scse0_3.lds boot/start.o init/*.o drivers/gxconsole/console.o lib/*.o mm/*.o

End build at 2021年 04月 27日 星期二 14:49:01 CST
Begin build at 2021年 04月 27日 星期二 14:49:11 CST
Cleanning the project.................

for d in boot drivers init lib mm;	\
		do					\
			make --directory=$d clean; \
		done; \
	rm -rf *.o *~ gxemul/vmlinux
make[1]: Entering directory `/usr/src/workdir/boot'
rm -rf *~ *.o
make[1]: Leaving directory `/usr/src/workdir/boot'
make[1]: Entering directory `/usr/src/workdir/drivers'
for d in gxconsole; \
		do				\
			make --directory=$d clean; \
		done
make[2]: Entering directory `/usr/src/workdir/drivers/gxconsole'
rm -rf *.o *~
make[2]: Leaving directory `/usr/src/workdir/drivers/gxconsole'
make[1]: Leaving directory `/usr/src/workdir/drivers'
make[1]: Entering directory `/usr/src/workdir/init'
rm -rf *~ *.o
make[1]: Leaving directory `/usr/src/workdir/init'
make[1]: Entering directory `/usr/src/workdir/lib'
rm -rf *~ *.o
make[1]: Leaving directory `/usr/src/workdir/lib'
make[1]: Entering directory `/usr/src/workdir/mm'
rm -rf *~ *.o
make[1]: Leaving directory `/usr/src/workdir/mm'

Building the project..................

make --directory=boot
make[1]: Entering directory `/usr/src/workdir/boot'
/OSLAB/compiler/usr/bin/mips_4KC-gcc -O -G 0 -mno-abicalls -fno-builtin -Wa,-xgot -Wall -fPIC -march=r3000 -I../include/ -c start.S 
make[1]: Leaving directory `/usr/src/workdir/boot'
make --directory=drivers
make[1]: Entering directory `/usr/src/workdir/drivers'
make --directory=gxconsole
make[2]: Entering directory `/usr/src/workdir/drivers/gxconsole'
/OSLAB/compiler/usr/bin/mips_4KC-gcc -O -G 0 -mno-abicalls -fno-builtin -Wa,-xgot -Wall -fPIC -march=r3000   -c -o console.o console.c
make[2]: Leaving directory `/usr/src/workdir/drivers/gxconsole'
make[1]: Leaving directory `/usr/src/workdir/drivers'
make --directory=init
make[1]: Entering directory `/usr/src/workdir/init'
/OSLAB/compiler/usr/bin/mips_4KC-gcc -O -G 0 -mno-abicalls -fno-builtin -Wa,-xgot -Wall -fPIC -march=r3000 -I../include -c init.c
In file included from ../include/pmap.h:5,
                 from init.c:2:
../include/queue.h:118:63: warning: backslash and newline separated by space
../include/queue.h:155:55: warning: backslash and newline separated by space
In file included from ../include/env.h:7,
                 from init.c:3:
../include/queue.h:118:63: warning: backslash and newline separated by space
../include/queue.h:155:55: warning: backslash and newline separated by space
/OSLAB/compiler/usr/bin/mips_4KC-gcc -O -G 0 -mno-abicalls -fno-builtin -Wa,-xgot -Wall -fPIC -march=r3000 -I../include -c main.c
In file included from ../include/pmap.h:5,
                 from main.c:13:
../include/queue.h:118:63: warning: backslash and newline separated by space
../include/queue.h:155:55: warning: backslash and newline separated by space
/OSLAB/compiler/usr/bin/mips_4KC-gcc -O -G 0 -mno-abicalls -fno-builtin -Wa,-xgot -Wall -fPIC -march=r3000 -I../include -c code_a.c
/OSLAB/compiler/usr/bin/mips_4KC-gcc -O -G 0 -mno-abicalls -fno-builtin -Wa,-xgot -Wall -fPIC -march=r3000 -I../include -c code_b.c
make[1]: Leaving directory `/usr/src/workdir/init'
make --directory=lib
make[1]: Entering directory `/usr/src/workdir/lib'
/OSLAB/compiler/usr/bin/mips_4KC-gcc -O -G 0 -mno-abicalls -fno-builtin -Wa,-xgot -Wall -fPIC -march=r3000 -I./ -I../ -I../include/ -c kernel_elfloader.c
In file included from ../include/pmap.h:5,
                 from kernel_elfloader.c:9:
../include/queue.h:118:63: warning: backslash and newline separated by space
../include/queue.h:155:55: warning: backslash and newline separated by space
/OSLAB/compiler/usr/bin/mips_4KC-gcc -O -G 0 -mno-abicalls -fno-builtin -Wa,-xgot -Wall -fPIC -march=r3000 -I./ -I../ -I../include/ -c env.c
In file included from ../include/env.h:7,
                 from env.c:6:
../include/queue.h:118:63: warning: backslash and newline separated by space
../include/queue.h:155:55: warning: backslash and newline separated by space
In file included from ../include/pmap.h:5,
                 from env.c:9:
../include/queue.h:118:63: warning: backslash and newline separated by space
../include/queue.h:155:55: warning: backslash and newline separated by space
env.c: In function 'env_alloc':
env.c:197: warning: unused variable 'r'
/OSLAB/compiler/usr/bin/mips_4KC-gcc -O -G 0 -mno-abicalls -fno-builtin -Wa,-xgot -Wall -fPIC -march=r3000 -I./ -I../ -I../include/ -c print.c
/OSLAB/compiler/usr/bin/mips_4KC-gcc -O -G 0 -mno-abicalls -fno-builtin -Wa,-xgot -Wall -fPIC -march=r3000 -I./ -I../ -I../include/ -c printf.c
/OSLAB/compiler/usr/bin/mips_4KC-gcc -O -G 0 -mno-abicalls -fno-builtin -Wa,-xgot -Wall -fPIC -march=r3000 -I./ -I../ -I../include/ -c sched.c
In file included from ../include/env.h:7,
                 from sched.c:1:
../include/queue.h:118:63: warning: backslash and newline separated by space
../include/queue.h:155:55: warning: backslash and newline separated by space
In file included from ../include/pmap.h:5,
                 from sched.c:2:
../include/queue.h:118:63: warning: backslash and newline separated by space
../include/queue.h:155:55: warning: backslash and newline separated by space
sched.c: In function 'sched_yield':
sched.c:23: warning: unused variable 'point'
sched.c:84: warning: 'max' may be used uninitialized in this function
/OSLAB/compiler/usr/bin/mips_4KC-gcc -O -G 0 -mno-abicalls -fno-builtin -Wa,-xgot -Wall -fPIC -march=r3000 -I./ -I../ -I../include/ -c env_asm.S
env_asm.S: Assembler messages:
env_asm.S:62: Warning: Used $at without ".set noat"
/OSLAB/compiler/usr/bin/mips_4KC-gcc -O -G 0 -mno-abicalls -fno-builtin -Wa,-xgot -Wall -fPIC -march=r3000 -I./ -I../ -I../include/ -c kclock.c
/OSLAB/compiler/usr/bin/mips_4KC-gcc -O -G 0 -mno-abicalls -fno-builtin -Wa,-xgot -Wall -fPIC -march=r3000 -I./ -I../ -I../include/ -c traps.c
In file included from ../include/env.h:7,
                 from traps.c:2:
../include/queue.h:118:63: warning: backslash and newline separated by space
../include/queue.h:155:55: warning: backslash and newline separated by space
traps.c: In function 'page_fault_handler':
traps.c:58: warning: passing argument 2 of 'bcopy' makes pointer from integer without a cast
traps.c:66: warning: passing argument 2 of 'bcopy' makes pointer from integer without a cast
traps.c:47: warning: unused variable 'd'
traps.c:47: warning: unused variable 'tos'
traps.c:46: warning: unused variable 'va'
/OSLAB/compiler/usr/bin/mips_4KC-gcc -O -G 0 -mno-abicalls -fno-builtin -Wa,-xgot -Wall -fPIC -march=r3000 -I./ -I../ -I../include/ -c genex.S
/OSLAB/compiler/usr/bin/mips_4KC-gcc -O -G 0 -mno-abicalls -fno-builtin -Wa,-xgot -Wall -fPIC -march=r3000 -I./ -I../ -I../include/ -c kclock_asm.S
/OSLAB/compiler/usr/bin/mips_4KC-gcc -O -G 0 -mno-abicalls -fno-builtin -Wa,-xgot -Wall -fPIC -march=r3000 -I./ -I../ -I../include/ -c syscall.S
syscall.S: Assembler messages:
syscall.S:10: Warning: Used $at without ".set noat"
/OSLAB/compiler/usr/bin/mips_4KC-gcc -O -G 0 -mno-abicalls -fno-builtin -Wa,-xgot -Wall -fPIC -march=r3000 -I./ -I../ -I../include/ -c syscall_all.c
In file included from ../include/env.h:7,
                 from syscall_all.c:3:
../include/queue.h:118:63: warning: backslash and newline separated by space
../include/queue.h:155:55: warning: backslash and newline separated by space
In file included from ../include/pmap.h:5,
                 from syscall_all.c:5:
../include/queue.h:118:63: warning: backslash and newline separated by space
../include/queue.h:155:55: warning: backslash and newline separated by space
syscall_all.c: In function 'sys_putchar':
syscall_all.c:14: warning: implicit declaration of function 'printcharc'
/OSLAB/compiler/usr/bin/mips_4KC-gcc -O -G 0 -mno-abicalls -fno-builtin -Wa,-xgot -Wall -fPIC -march=r3000 -I./ -I../ -I../include/ -c getc.S
make[1]: Leaving directory `/usr/src/workdir/lib'
make --directory=mm
make[1]: Entering directory `/usr/src/workdir/mm'
/OSLAB/compiler/usr/bin/mips_4KC-gcc -O -G 0 -mno-abicalls -fno-builtin -Wa,-xgot -Wall -fPIC -march=r3000 -I./ -I../ -I../include/ -c pmap.c
In file included from ../include/pmap.h:5,
                 from pmap.c:2:
../include/queue.h:118:63: warning: backslash and newline separated by space
../include/queue.h:155:55: warning: backslash and newline separated by space
In file included from ../include/env.h:7,
                 from pmap.c:4:
../include/queue.h:118:63: warning: backslash and newline separated by space
../include/queue.h:155:55: warning: backslash and newline separated by space
pmap.c: In function 'page_alloc':
pmap.c:246: warning: passing argument 1 of 'bzero' makes pointer from integer without a cast
pmap.c:237: warning: unused variable 'ppage_temp'
/OSLAB/compiler/usr/bin/mips_4KC-gcc -O -G 0 -mno-abicalls -fno-builtin -Wa,-xgot -Wall -fPIC -march=r3000 -I./ -I../ -I../include/ -c tlb_asm.S
make[1]: Leaving directory `/usr/src/workdir/mm'
/OSLAB/compiler/usr/bin/mips_4KC-ld -o gxemul/vmlinux -N -T tools/scse0_3.lds boot/start.o init/*.o drivers/gxconsole/console.o lib/*.o mm/*.o

End build at 2021年 04月 27日 星期二 14:49:38 CST
list index out of range
[35m[ POINT: 50 ][0m
[33m[01m[ You got 50 (of 100) this time. 2021年 04月 27日 星期二 14:49:48 CST ][0m
