Autotest: Begin at 2021å¹´ 03æœˆ 09æ—¥ æ˜ŸæœŸäºŒ 14:52:22 CST
cp: æ— æ³•åˆ›å»ºæ™®é€šæ–‡ä»¶"/home/git/ostest/target/19375341/lab0-2021-03-09T14:52:22+0800-n1ljf/dst/sh_test/": ä¸æ˜¯ç›®å½•
docker: Error response from daemon: invalid mount config for type "bind": bind mount source path does not exist: /home/git/ostest/target/19375341/lab0-2021-03-09T14:52:22+0800-n1ljf/dst/sh_test.
See 'docker run --help'.
/home/git/ostest/lab0/judge.sh: è¡Œ 16: /home/git/ostest/target/19375341/lab0-2021-03-09T14:52:22+0800-n1ljf/dst/sh_test/hello_os.diff_1: æ²¡æœ‰é‚£ä¸ªæ–‡ä»¶æˆ–ç›®å½•
[31m[01m[ You have not passed bash testcase3 1/2 ][0m
cp: æ— æ³•åˆ›å»ºæ™®é€šæ–‡ä»¶"/home/git/ostest/target/19375341/lab0-2021-03-09T14:52:22+0800-n1ljf/dst/sh_test/": ä¸æ˜¯ç›®å½•
docker: Error response from daemon: invalid mount config for type "bind": bind mount source path does not exist: /home/git/ostest/target/19375341/lab0-2021-03-09T14:52:22+0800-n1ljf/dst/sh_test.
See 'docker run --help'.
/home/git/ostest/lab0/judge.sh: è¡Œ 16: /home/git/ostest/target/19375341/lab0-2021-03-09T14:52:22+0800-n1ljf/dst/sh_test/hello_os.diff_2: æ²¡æœ‰é‚£ä¸ªæ–‡ä»¶æˆ–ç›®å½•
[31m[01m[ You have not passed bash testcase3 2/2 ][0m
changefile.sh: line 8: syntax error near unexpected token `elif'
changefile.sh: line 8: `	elif [ $a -gt 40 ]         # else if loop variable is great than 40   '
[32m[ File1~40 all exist.You have passed bash testcase5 1/3 ][0m
[31m[01m[ Newfile doesn't exist.You have not passed bash testcase5 2/3 ][0m
[31m[01m[ File doesn't remove.You have not passed bash testcase5 3/3 ][0m
diff: /home/git/ostest/target/19375341/lab0-2021-03-09T14:52:22+0800-n1ljf/ray/sh_test2/result_1: æ²¡æœ‰é‚£ä¸ªæ–‡ä»¶æˆ–ç›®å½•
[31m[01m[ You have not passed bash testcase6 1/2 ][0m
diff: /home/git/ostest/target/19375341/lab0-2021-03-09T14:52:22+0800-n1ljf/ray/sh_test2/result_2: æ²¡æœ‰é‚£ä¸ªæ–‡ä»¶æˆ–ç›®å½•
[31m[01m[ You have not passed bash testcase6 2/2 ][0m
[31m[01m[ You have not passed bash testcase7 1/2 ][0m
[31m[01m[ You have not passed bash testcase7 2/2 ][0m
[31m[01m[ Can not find your Makefile.You have not passed testcase4 ][0m
[33m[01m[ You got 4 (of 100) this time. 2021å¹´ 03æœˆ 09æ—¥ æ˜ŸæœŸäºŒ 14:52:28 CST ][0m
